{"timestamp": "2025-08-29T10:03:18.685205", "level": "\u001b[32mINFO\u001b[0m", "logger": "utils.logger", "message": "🔧 Enhanced logging system initialized | level=INFO | debug_mode=False | log_to_file=True | log_to_output=True | output_directory=D:\\durgas\\travel_tour\\travel_pipeline\\output", "module": "", "function": null, "line": 0, "extra_data": {"level": "INFO", "debug_mode": false, "log_to_file": true, "log_to_output": true, "output_directory": "D:\\durgas\\travel_tour\\travel_pipeline\\output"}}
{"timestamp": "2025-08-29T10:03:18.693610", "level": "\u001b[32mINFO\u001b[0m", "logger": "utils.logger", "message": "🔧 Enhanced logging system initialized | level=INFO | debug_mode=False | log_to_file=True | log_to_output=True | output_directory=D:\\durgas\\travel_tour\\travel_pipeline\\output", "module": "", "function": null, "line": 0, "extra_data": {"level": "INFO", "debug_mode": false, "log_to_file": true, "log_to_output": true, "output_directory": "D:\\durgas\\travel_tour\\travel_pipeline\\output"}}
{"timestamp": "2025-08-29T10:03:18.695171", "level": "\u001b[32mINFO\u001b[0m", "logger": "test.basic_logging", "message": "🧪 Testing basic logging functionality", "module": "", "function": null, "line": 0, "extra_data": {}}
{"timestamp": "2025-08-29T10:03:18.695717", "level": "DEBUG", "logger": "test.basic_logging", "message": "🔍 Debug message with context | test_data=sample | count=42", "module": "", "function": null, "line": 0, "extra_data": {"test_data": "sample", "count": 42}}
{"timestamp": "2025-08-29T10:03:18.695941", "level": "\u001b[33mWARNING\u001b[0m", "logger": "test.basic_logging", "message": "⚠️ Warning message | issue=test_warning", "module": "", "function": null, "line": 0, "extra_data": {"issue": "test_warning"}}
{"timestamp": "2025-08-29T10:03:18.696801", "level": "\u001b[31mERROR\u001b[0m", "logger": "test.basic_logging", "message": "❌ Error message | error_code=500", "module": "", "function": null, "line": 0, "extra_data": {"error_code": 500}}
{"timestamp": "2025-08-29T10:03:18.697530", "level": "DEBUG", "logger": "__main__", "message": "🚀 Entering function: __main__.test_function_logging with params: {'args_count': 2, 'kwargs_keys': ['extra_param'], 'function': '__main__.test_function_logging', 'module': '__main__'}", "module": "", "function": null, "line": 0, "extra_data": {}}
{"timestamp": "2025-08-29T10:03:18.697820", "level": "\u001b[32mINFO\u001b[0m", "logger": "test.function_logging", "message": "🔧 Function execution | param1=10 | param2=20", "module": "", "function": null, "line": 0, "extra_data": {"param1": 10, "param2": 20}}
{"timestamp": "2025-08-29T10:03:18.798630", "level": "DEBUG", "logger": "test.function_logging", "message": "📊 Function result | result=30", "module": "", "function": null, "line": 0, "extra_data": {"result": 30}}
{"timestamp": "2025-08-29T10:03:18.798933", "level": "DEBUG", "logger": "__main__", "message": "✅ Exiting function: __main__.test_function_logging returning: int", "module": "", "function": null, "line": 0, "extra_data": {}}
{"timestamp": "2025-08-29T10:03:18.799408", "level": "\u001b[32mINFO\u001b[0m", "logger": "test.performance_logging", "message": "⏱️ Testing performance logging", "module": "", "function": null, "line": 0, "extra_data": {}}
{"timestamp": "2025-08-29T10:03:19.000109", "level": "\u001b[33mWARNING\u001b[0m", "logger": "__main__", "message": "⚠️ Timer 'test_operation' was not started", "module": "logger", "function": "end_timer", "line": 146}
{"timestamp": "2025-08-29T10:03:19.000570", "level": "\u001b[31mERROR\u001b[0m", "logger": "__main__", "message": "❌ Operation 'test_operation' failed: Logger._log() got an unexpected keyword argument 'extra_data'", "module": "logger", "function": "wrapper", "line": 201}
{"timestamp": "2025-08-29T10:04:51.551540", "level": "\u001b[32mINFO\u001b[0m", "logger": "utils.logger", "message": "🔧 Enhanced logging system initialized | level=INFO | debug_mode=False | log_to_file=True | log_to_output=True | output_directory=D:\\durgas\\travel_tour\\travel_pipeline\\output", "module": "", "function": null, "line": 0, "extra_data": {"level": "INFO", "debug_mode": false, "log_to_file": true, "log_to_output": true, "output_directory": "D:\\durgas\\travel_tour\\travel_pipeline\\output"}}
{"timestamp": "2025-08-29T10:04:51.554253", "level": "\u001b[32mINFO\u001b[0m", "logger": "utils.logger", "message": "🔧 Enhanced logging system initialized | level=INFO | debug_mode=False | log_to_file=True | log_to_output=True | output_directory=D:\\durgas\\travel_tour\\travel_pipeline\\output", "module": "", "function": null, "line": 0, "extra_data": {"level": "INFO", "debug_mode": false, "log_to_file": true, "log_to_output": true, "output_directory": "D:\\durgas\\travel_tour\\travel_pipeline\\output"}}
{"timestamp": "2025-08-29T10:04:51.554799", "level": "\u001b[32mINFO\u001b[0m", "logger": "test.basic_logging", "message": "🧪 Testing basic logging functionality", "module": "", "function": null, "line": 0, "extra_data": {}}
{"timestamp": "2025-08-29T10:04:51.555179", "level": "DEBUG", "logger": "test.basic_logging", "message": "🔍 Debug message with context | test_data=sample | count=42", "module": "", "function": null, "line": 0, "extra_data": {"test_data": "sample", "count": 42}}
{"timestamp": "2025-08-29T10:04:51.555371", "level": "\u001b[33mWARNING\u001b[0m", "logger": "test.basic_logging", "message": "⚠️ Warning message | issue=test_warning", "module": "", "function": null, "line": 0, "extra_data": {"issue": "test_warning"}}
{"timestamp": "2025-08-29T10:04:51.555689", "level": "\u001b[31mERROR\u001b[0m", "logger": "test.basic_logging", "message": "❌ Error message | error_code=500", "module": "", "function": null, "line": 0, "extra_data": {"error_code": 500}}
{"timestamp": "2025-08-29T10:04:51.556231", "level": "DEBUG", "logger": "__main__", "message": "🚀 Entering function: __main__.test_function_logging with params: {'args_count': 2, 'kwargs_keys': ['extra_param'], 'function': '__main__.test_function_logging', 'module': '__main__'}", "module": "", "function": null, "line": 0, "extra_data": {}}
{"timestamp": "2025-08-29T10:04:51.556444", "level": "\u001b[32mINFO\u001b[0m", "logger": "test.function_logging", "message": "🔧 Function execution | param1=10 | param2=20", "module": "", "function": null, "line": 0, "extra_data": {"param1": 10, "param2": 20}}
{"timestamp": "2025-08-29T10:04:51.657225", "level": "DEBUG", "logger": "test.function_logging", "message": "📊 Function result | result=30", "module": "", "function": null, "line": 0, "extra_data": {"result": 30}}
{"timestamp": "2025-08-29T10:04:51.657491", "level": "DEBUG", "logger": "__main__", "message": "✅ Exiting function: __main__.test_function_logging returning: int", "module": "", "function": null, "line": 0, "extra_data": {}}
{"timestamp": "2025-08-29T10:04:51.657936", "level": "\u001b[32mINFO\u001b[0m", "logger": "test.performance_logging", "message": "⏱️ Testing performance logging", "module": "", "function": null, "line": 0, "extra_data": {}}
{"timestamp": "2025-08-29T10:04:51.858862", "level": "\u001b[32mINFO\u001b[0m", "logger": "__main__", "message": "⏱️ Operation 'test_operation' completed in 0.2009s", "module": "logger", "function": "end_timer", "line": 170}
{"timestamp": "2025-08-29T10:04:51.859617", "level": "\u001b[32mINFO\u001b[0m", "logger": "test.data_operations", "message": "📊 Testing data operations logging", "module": "", "function": null, "line": 0, "extra_data": {}}
{"timestamp": "2025-08-29T10:04:51.859869", "level": "\u001b[32mINFO\u001b[0m", "logger": "__main__", "message": "📊 Data create on success with params: {'function': 'test_data_operations', 'result_type': 'dict'}", "module": "", "function": null, "line": 0, "extra_data": {}}
{"timestamp": "2025-08-29T10:04:51.860207", "level": "\u001b[32mINFO\u001b[0m", "logger": "test.api_calls", "message": "🌐 Testing API call logging", "module": "", "function": null, "line": 0, "extra_data": {}}
{"timestamp": "2025-08-29T10:04:51.860537", "level": "\u001b[32mINFO\u001b[0m", "logger": "__main__", "message": "🌐 API GET call to /test/endpoint | extra={'function': 'test_api_calls', 'success': True}", "module": "", "function": null, "line": 0, "extra_data": {"extra": {"function": "test_api_calls", "success": true}}}
{"timestamp": "2025-08-29T10:04:51.860935", "level": "\u001b[32mINFO\u001b[0m", "logger": "__main__.api", "message": "API GET call to /test/endpoint", "module": "logger", "function": "log_api_call", "line": 294}
{"timestamp": "2025-08-29T10:04:51.861530", "level": "\u001b[32mINFO\u001b[0m", "logger": "test.analytics_operations", "message": "📈 Testing analytics operations logging", "module": "", "function": null, "line": 0, "extra_data": {}}
{"timestamp": "2025-08-29T10:04:51.861820", "level": "\u001b[32mINFO\u001b[0m", "logger": "__main__", "message": "📈 Analytics chart_generation | extra={'function': 'test_analytics_operations', 'success': True}", "module": "", "function": null, "line": 0, "extra_data": {"extra": {"function": "test_analytics_operations", "success": true}}}
{"timestamp": "2025-08-29T10:04:51.862165", "level": "\u001b[32mINFO\u001b[0m", "logger": "__main__.analytics", "message": "Analytics chart_generation", "module": "logger", "function": "log_analytics_operation", "line": 302}
{"timestamp": "2025-08-29T10:04:51.862702", "level": "\u001b[32mINFO\u001b[0m", "logger": "test.excel_operations", "message": "📋 Testing Excel operations logging", "module": "", "function": null, "line": 0, "extra_data": {}}
{"timestamp": "2025-08-29T10:04:51.862962", "level": "\u001b[32mINFO\u001b[0m", "logger": "__main__", "message": "📋 Excel read | extra={'function': 'test_excel_operations', 'success': True}", "module": "", "function": null, "line": 0, "extra_data": {"extra": {"function": "test_excel_operations", "success": true}}}
{"timestamp": "2025-08-29T10:04:51.863286", "level": "\u001b[32mINFO\u001b[0m", "logger": "__main__.excel", "message": "Excel read", "module": "logger", "function": "log_excel_operation", "line": 310}
{"timestamp": "2025-08-29T10:04:51.863924", "level": "\u001b[32mINFO\u001b[0m", "logger": "test.user_actions", "message": "👤 Testing user actions logging", "module": "", "function": null, "line": 0, "extra_data": {}}
{"timestamp": "2025-08-29T10:04:51.864213", "level": "\u001b[32mINFO\u001b[0m", "logger": "__main__", "message": "👤 User action: place_creation with data: {'function': 'test_user_actions', 'success': True}", "module": "", "function": null, "line": 0, "extra_data": {}}
{"timestamp": "2025-08-29T10:04:51.864837", "level": "\u001b[32mINFO\u001b[0m", "logger": "test.database_operations", "message": "🗄️ Testing database operations logging", "module": "", "function": null, "line": 0, "extra_data": {}}
{"timestamp": "2025-08-29T10:04:51.865546", "level": "DEBUG", "logger": "__main__", "message": "🗄️ Database select on table 'places' with params: {'function': 'test_database_operations', 'success': True}", "module": "", "function": null, "line": 0, "extra_data": {}}
{"timestamp": "2025-08-29T10:04:51.865772", "level": "\u001b[32mINFO\u001b[0m", "logger": "__main__.database", "message": "Database select on table 'places'", "module": "logger", "function": "log_database_operation", "line": 273}
{"timestamp": "2025-08-29T10:04:51.866428", "level": "\u001b[32mINFO\u001b[0m", "logger": "test.timing_logging", "message": "⏱️ Testing timing logging", "module": "", "function": null, "line": 0, "extra_data": {}}
{"timestamp": "2025-08-29T10:04:52.017249", "level": "\u001b[32mINFO\u001b[0m", "logger": "__main__", "message": "⏱️ test_timing_operation completed | execution_time_seconds=0.15082025527954102 | function=test_timing_logging", "module": "", "function": null, "line": 0, "extra_data": {"execution_time_seconds": 0.15082025527954102, "function": "test_timing_logging"}}
{"timestamp": "2025-08-29T10:04:52.018040", "level": "\u001b[32mINFO\u001b[0m", "logger": "test.error_logging", "message": "❌ Testing error logging", "module": "", "function": null, "line": 0, "extra_data": {}}
{"timestamp": "2025-08-29T10:04:52.018372", "level": "\u001b[31mERROR\u001b[0m", "logger": "__main__", "message": "❌ Function test_error_logging failed", "module": "logger", "function": "log_error_with_traceback", "line": 315, "exception": {"type": "ValueError", "message": "Test error for logging demonstration", "traceback": ["Traceback (most recent call last):\n", "  File \"D:\\durgas\\travel_tour\\travel_pipeline\\utils\\decorators.py\", line 265, in wrapper\n    return func(*args, **kwargs)\n", "  File \"D:\\durgas\\travel_tour\\travel_pipeline\\test\\test_logging_system.py\", line 155, in test_error_logging\n    raise ValueError(\"Test error for logging demonstration\")\n", "ValueError: Test error for logging demonstration\n"]}}
{"timestamp": "2025-08-29T10:04:52.021096", "level": "\u001b[32mINFO\u001b[0m", "logger": "test.output_directory", "message": "📁 Testing output directory functionality", "module": "", "function": null, "line": 0, "extra_data": {}}
{"timestamp": "2025-08-29T10:04:52.021465", "level": "\u001b[32mINFO\u001b[0m", "logger": "test.output_directory", "message": "✅ Output directory exists | path=output", "module": "", "function": null, "line": 0, "extra_data": {"path": "output"}}
{"timestamp": "2025-08-29T10:04:52.022198", "level": "\u001b[32mINFO\u001b[0m", "logger": "test.output_directory", "message": "📋 Found log files | count=6", "module": "", "function": null, "line": 0, "extra_data": {"count": 6}}
{"timestamp": "2025-08-29T10:04:52.022621", "level": "\u001b[32mINFO\u001b[0m", "logger": "test.output_directory", "message": "📄 Log file info | filename=analytics.log | size_bytes=0 | size_kb=0.0", "module": "", "function": null, "line": 0, "extra_data": {"filename": "analytics.log", "size_bytes": 0, "size_kb": 0.0}}
{"timestamp": "2025-08-29T10:04:52.022978", "level": "\u001b[32mINFO\u001b[0m", "logger": "test.output_directory", "message": "📄 Log file info | filename=api_testing.log | size_bytes=0 | size_kb=0.0", "module": "", "function": null, "line": 0, "extra_data": {"filename": "api_testing.log", "size_bytes": 0, "size_kb": 0.0}}
{"timestamp": "2025-08-29T10:04:52.023361", "level": "\u001b[32mINFO\u001b[0m", "logger": "test.output_directory", "message": "📄 Log file info | filename=application.log | size_bytes=14322 | size_kb=13.986328125", "module": "", "function": null, "line": 0, "extra_data": {"filename": "application.log", "size_bytes": 14322, "size_kb": 13.986328125}}
{"timestamp": "2025-08-29T10:04:52.023718", "level": "\u001b[32mINFO\u001b[0m", "logger": "test.output_directory", "message": "📄 Log file info | filename=database.log | size_bytes=0 | size_kb=0.0", "module": "", "function": null, "line": 0, "extra_data": {"filename": "database.log", "size_bytes": 0, "size_kb": 0.0}}
{"timestamp": "2025-08-29T10:04:52.024057", "level": "\u001b[32mINFO\u001b[0m", "logger": "test.output_directory", "message": "📄 Log file info | filename=excel.log | size_bytes=0 | size_kb=0.0", "module": "", "function": null, "line": 0, "extra_data": {"filename": "excel.log", "size_bytes": 0, "size_kb": 0.0}}
{"timestamp": "2025-08-29T10:04:52.024471", "level": "\u001b[32mINFO\u001b[0m", "logger": "test.output_directory", "message": "📄 Log file info | filename=performance.log | size_bytes=0 | size_kb=0.0", "module": "", "function": null, "line": 0, "extra_data": {"filename": "performance.log", "size_bytes": 0, "size_kb": 0.0}}
{"timestamp": "2025-08-29T10:06:21.267788", "level": "\u001b[32mINFO\u001b[0m", "logger": "utils.logger", "message": "🔧 Enhanced logging system initialized | level=INFO | debug_mode=False | log_to_file=True | log_to_output=True | output_directory=D:\\durgas\\travel_tour\\travel_pipeline\\output", "module": "", "function": null, "line": 0, "extra_data": {"level": "INFO", "debug_mode": false, "log_to_file": true, "log_to_output": true, "output_directory": "D:\\durgas\\travel_tour\\travel_pipeline\\output"}}
{"timestamp": "2025-08-29T10:06:22.550615", "level": "\u001b[32mINFO\u001b[0m", "logger": "utils.logger", "message": "🔧 Enhanced logging system initialized | level=INFO | debug_mode=False | log_to_file=True | log_to_output=True | output_directory=D:\\durgas\\travel_tour\\travel_pipeline\\output", "module": "", "function": null, "line": 0, "extra_data": {"level": "INFO", "debug_mode": false, "log_to_file": true, "log_to_output": true, "output_directory": "D:\\durgas\\travel_tour\\travel_pipeline\\output"}}
{"timestamp": "2025-08-29T10:06:22.551340", "level": "\u001b[32mINFO\u001b[0m", "logger": "demo.enhanced_logging", "message": "🎯 Starting enhanced logging demonstration", "module": "", "function": null, "line": 0, "extra_data": {}}
{"timestamp": "2025-08-29T10:06:22.551807", "level": "\u001b[32mINFO\u001b[0m", "logger": "demo.enhanced_logging", "message": "📁 Step 1: Loading Postman collections", "module": "", "function": null, "line": 0, "extra_data": {}}
{"timestamp": "2025-08-29T10:06:22.552840", "level": "\u001b[32mINFO\u001b[0m", "logger": "demo.enhanced_logging", "message": "📋 Found Postman collections | count=8", "module": "", "function": null, "line": 0, "extra_data": {"count": 8}}
{"timestamp": "2025-08-29T10:06:22.553261", "level": "\u001b[32mINFO\u001b[0m", "logger": "demo.enhanced_logging", "message": "📖 Loading collection | collection_name=Elevation API.postman_collection.json", "module": "", "function": null, "line": 0, "extra_data": {"collection_name": "Elevation API.postman_collection.json"}}
{"timestamp": "2025-08-29T10:06:22.556418", "level": "\u001b[32mINFO\u001b[0m", "logger": "demo.enhanced_logging", "message": "✅ Collection loaded successfully | collection_name=Elevation API.postman_collection.json | endpoints_count=0", "module": "", "function": null, "line": 0, "extra_data": {"collection_name": "Elevation API.postman_collection.json", "endpoints_count": 0}}
{"timestamp": "2025-08-29T10:06:22.559381", "level": "\u001b[32mINFO\u001b[0m", "logger": "demo.enhanced_logging", "message": "🔧 Step 2: Initializing API tester", "module": "", "function": null, "line": 0, "extra_data": {}}
{"timestamp": "2025-08-29T10:06:23.273584", "level": "\u001b[32mINFO\u001b[0m", "logger": "demo.enhanced_logging", "message": "✅ Collection loaded into API tester", "module": "", "function": null, "line": 0, "extra_data": {}}
{"timestamp": "2025-08-29T10:06:23.273972", "level": "\u001b[32mINFO\u001b[0m", "logger": "demo.enhanced_logging", "message": "🧪 Step 3: Testing sample endpoint", "module": "", "function": null, "line": 0, "extra_data": {}}
{"timestamp": "2025-08-29T10:06:23.274359", "level": "\u001b[33mWARNING\u001b[0m", "logger": "demo.enhanced_logging", "message": "⚠️ No endpoints found in collection", "module": "", "function": null, "line": 0, "extra_data": {}}
{"timestamp": "2025-08-29T10:06:23.274723", "level": "\u001b[32mINFO\u001b[0m", "logger": "demo.enhanced_logging", "message": "📊 Step 4: Logging system statistics", "module": "", "function": null, "line": 0, "extra_data": {}}
{"timestamp": "2025-08-29T10:06:23.277052", "level": "\u001b[32mINFO\u001b[0m", "logger": "demo.enhanced_logging", "message": "📁 Output directory contents | total_files=6 | directory=output", "module": "", "function": null, "line": 0, "extra_data": {"total_files": 6, "directory": "output"}}
{"timestamp": "2025-08-29T10:06:23.277759", "level": "\u001b[32mINFO\u001b[0m", "logger": "demo.enhanced_logging", "message": "📄 Log file | filename=analytics.log | size_bytes=0 | size_kb=0.0", "module": "", "function": null, "line": 0, "extra_data": {"filename": "analytics.log", "size_bytes": 0, "size_kb": 0.0}}
{"timestamp": "2025-08-29T10:06:23.278408", "level": "\u001b[32mINFO\u001b[0m", "logger": "demo.enhanced_logging", "message": "📄 Log file | filename=api_testing.log | size_bytes=0 | size_kb=0.0", "module": "", "function": null, "line": 0, "extra_data": {"filename": "api_testing.log", "size_bytes": 0, "size_kb": 0.0}}
{"timestamp": "2025-08-29T10:06:23.279070", "level": "\u001b[32mINFO\u001b[0m", "logger": "demo.enhanced_logging", "message": "📄 Log file | filename=application.log | size_bytes=20180 | size_kb=19.70703125", "module": "", "function": null, "line": 0, "extra_data": {"filename": "application.log", "size_bytes": 20180, "size_kb": 19.70703125}}
{"timestamp": "2025-08-29T10:06:23.280287", "level": "\u001b[32mINFO\u001b[0m", "logger": "demo.enhanced_logging", "message": "📄 Log file | filename=database.log | size_bytes=0 | size_kb=0.0", "module": "", "function": null, "line": 0, "extra_data": {"filename": "database.log", "size_bytes": 0, "size_kb": 0.0}}
{"timestamp": "2025-08-29T10:06:23.281177", "level": "\u001b[32mINFO\u001b[0m", "logger": "demo.enhanced_logging", "message": "📄 Log file | filename=excel.log | size_bytes=0 | size_kb=0.0", "module": "", "function": null, "line": 0, "extra_data": {"filename": "excel.log", "size_bytes": 0, "size_kb": 0.0}}
{"timestamp": "2025-08-29T10:06:23.281918", "level": "\u001b[32mINFO\u001b[0m", "logger": "demo.enhanced_logging", "message": "📄 Log file | filename=performance.log | size_bytes=0 | size_kb=0.0", "module": "", "function": null, "line": 0, "extra_data": {"filename": "performance.log", "size_bytes": 0, "size_kb": 0.0}}
{"timestamp": "2025-08-29T10:06:23.282363", "level": "\u001b[32mINFO\u001b[0m", "logger": "demo.enhanced_logging", "message": "🎉 Enhanced logging demonstration completed successfully", "module": "", "function": null, "line": 0, "extra_data": {}}
{"timestamp": "2025-08-29T10:12:24.965530", "level": "\u001b[32mINFO\u001b[0m", "logger": "utils.logger", "message": "🔧 Enhanced logging system initialized | level=INFO | debug_mode=False | log_to_file=True | log_to_output=True | output_directory=D:\\durgas\\travel_tour\\travel_pipeline\\output", "module": "", "function": null, "line": 0, "extra_data": {"level": "INFO", "debug_mode": false, "log_to_file": true, "log_to_output": true, "output_directory": "D:\\durgas\\travel_tour\\travel_pipeline\\output"}}
{"timestamp": "2025-08-29T10:12:27.139195", "level": "\u001b[32mINFO\u001b[0m", "logger": "ExcelHandler", "message": "Excel handler initialized | file_path=utils\\places.xlsx | sync_enabled=True", "module": "", "function": null, "line": 0, "extra_data": {"file_path": "utils\\places.xlsx", "sync_enabled": true}}
{"timestamp": "2025-08-29T10:12:27.525370", "level": "\u001b[32mINFO\u001b[0m", "logger": "utils.logger", "message": "🔧 Enhanced logging system initialized | level=INFO | debug_mode=False | log_to_file=True | log_to_output=True | output_directory=D:\\durgas\\travel_tour\\travel_pipeline\\output", "module": "", "function": null, "line": 0, "extra_data": {"level": "INFO", "debug_mode": false, "log_to_file": true, "log_to_output": true, "output_directory": "D:\\durgas\\travel_tour\\travel_pipeline\\output"}}
{"timestamp": "2025-08-29T10:12:36.952928", "level": "\u001b[32mINFO\u001b[0m", "logger": "utils.logger", "message": "🔧 Enhanced logging system initialized | level=INFO | debug_mode=False | log_to_file=True | log_to_output=True | output_directory=D:\\durgas\\travel_tour\\travel_pipeline\\output", "module": "", "function": null, "line": 0, "extra_data": {"level": "INFO", "debug_mode": false, "log_to_file": true, "log_to_output": true, "output_directory": "D:\\durgas\\travel_tour\\travel_pipeline\\output"}}
{"timestamp": "2025-08-29T10:12:37.666469", "level": "\u001b[32mINFO\u001b[0m", "logger": "__main__", "message": "Starting Places Management System application", "module": "", "function": null, "line": 0, "extra_data": {}}
{"timestamp": "2025-08-29T10:12:37.667887", "level": "DEBUG", "logger": "__main__", "message": "Initializing session state", "module": "", "function": null, "line": 0, "extra_data": {}}
{"timestamp": "2025-08-29T10:12:37.670336", "level": "DEBUG", "logger": "__main__", "message": "Session state initialized successfully", "module": "", "function": null, "line": 0, "extra_data": {}}
{"timestamp": "2025-08-29T10:12:37.687030", "level": "\u001b[32mINFO\u001b[0m", "logger": "__main__", "message": "Initializing database connection", "module": "", "function": null, "line": 0, "extra_data": {}}
{"timestamp": "2025-08-29T10:12:37.688125", "level": "\u001b[32mINFO\u001b[0m", "logger": "utils.database", "message": "Initializing PlacesDatabase connection", "module": "", "function": null, "line": 0, "extra_data": {}}
{"timestamp": "2025-08-29T10:12:37.688711", "level": "DEBUG", "logger": "utils.database", "message": "Database connection string obtained successfully", "module": "", "function": null, "line": 0, "extra_data": {}}
{"timestamp": "2025-08-29T10:12:37.824006", "level": "\u001b[32mINFO\u001b[0m", "logger": "utils.database", "message": "SQLAlchemy engine created successfully | host=aws-1-ap-southeast-1.pooler.supabase.com | port=6543 | database=postgres", "module": "", "function": null, "line": 0, "extra_data": {"host": "aws-1-ap-southeast-1.pooler.supabase.com", "port": "6543", "database": "postgres"}}
{"timestamp": "2025-08-29T10:12:37.825351", "level": "\u001b[32mINFO\u001b[0m", "logger": "utils.database", "message": "Initializing database schema", "module": "", "function": null, "line": 0, "extra_data": {}}
{"timestamp": "2025-08-29T10:12:38.572543", "level": "DEBUG", "logger": "utils.database", "message": "Creating places table", "module": "", "function": null, "line": 0, "extra_data": {}}
{"timestamp": "2025-08-29T10:12:38.697438", "level": "DEBUG", "logger": "utils.database", "message": "Creating database indexes | index_count=6", "module": "", "function": null, "line": 0, "extra_data": {"index_count": 6}}
{"timestamp": "2025-08-29T10:12:38.757933", "level": "DEBUG", "logger": "utils.database", "message": "Created index 1/6", "module": "", "function": null, "line": 0, "extra_data": {}}
{"timestamp": "2025-08-29T10:12:38.800864", "level": "DEBUG", "logger": "utils.database", "message": "Created index 2/6", "module": "", "function": null, "line": 0, "extra_data": {}}
{"timestamp": "2025-08-29T10:12:38.844467", "level": "DEBUG", "logger": "utils.database", "message": "Created index 3/6", "module": "", "function": null, "line": 0, "extra_data": {}}
{"timestamp": "2025-08-29T10:12:38.887900", "level": "DEBUG", "logger": "utils.database", "message": "Created index 4/6", "module": "", "function": null, "line": 0, "extra_data": {}}
{"timestamp": "2025-08-29T10:12:38.930859", "level": "DEBUG", "logger": "utils.database", "message": "Created index 5/6", "module": "", "function": null, "line": 0, "extra_data": {}}
{"timestamp": "2025-08-29T10:12:38.981102", "level": "DEBUG", "logger": "utils.database", "message": "Created index 6/6", "module": "", "function": null, "line": 0, "extra_data": {}}
{"timestamp": "2025-08-29T10:12:38.981373", "level": "DEBUG", "logger": "utils.database", "message": "Creating update trigger", "module": "", "function": null, "line": 0, "extra_data": {}}
{"timestamp": "2025-08-29T10:12:39.130506", "level": "\u001b[32mINFO\u001b[0m", "logger": "utils.database", "message": "Database schema initialization completed successfully", "module": "", "function": null, "line": 0, "extra_data": {}}
{"timestamp": "2025-08-29T10:12:39.131320", "level": "\u001b[32mINFO\u001b[0m", "logger": "utils.database", "message": "⏱️ Operation 'database_initialization' completed in 1.3059s", "module": "logger", "function": "end_timer", "line": 170}
{"timestamp": "2025-08-29T10:12:39.322054", "level": "\u001b[32mINFO\u001b[0m", "logger": "utils.database", "message": "PlacesDatabase initialized successfully", "module": "", "function": null, "line": 0, "extra_data": {}}
{"timestamp": "2025-08-29T10:12:39.497619", "level": "\u001b[32mINFO\u001b[0m", "logger": "__main__", "message": "Database connection established successfully", "module": "", "function": null, "line": 0, "extra_data": {}}
{"timestamp": "2025-08-29T10:12:39.501864", "level": "DEBUG", "logger": "utils.database", "message": "Retrieving all places | prefer_excel=True", "module": "", "function": null, "line": 0, "extra_data": {"prefer_excel": true}}
{"timestamp": "2025-08-29T10:12:39.504917", "level": "DEBUG", "logger": "ExcelHandler", "message": "Reading Excel data | file_path=utils\\places.xlsx | use_cache=True", "module": "", "function": null, "line": 0, "extra_data": {"file_path": "utils\\places.xlsx", "use_cache": true}}
{"timestamp": "2025-08-29T10:12:39.505152", "level": "DEBUG", "logger": "ExcelCacheManager", "message": "Cache invalid or expired, clearing cache", "module": "", "function": null, "line": 0, "extra_data": {}}
{"timestamp": "2025-08-29T10:12:39.505358", "level": "DEBUG", "logger": "ExcelCacheManager", "message": "Cache cleared", "module": "", "function": null, "line": 0, "extra_data": {}}
{"timestamp": "2025-08-29T10:12:39.729550", "level": "DEBUG", "logger": "ExcelCacheManager", "message": "Cache updated | records=61", "module": "", "function": null, "line": 0, "extra_data": {"records": 61}}
{"timestamp": "2025-08-29T10:12:39.729847", "level": "\u001b[32mINFO\u001b[0m", "logger": "ExcelHandler", "message": "Excel data loaded successfully | records=61 | file_size_mb=0.0088043212890625", "module": "", "function": null, "line": 0, "extra_data": {"records": 61, "file_size_mb": 0.0088043212890625}}
{"timestamp": "2025-08-29T10:12:39.730370", "level": "\u001b[32mINFO\u001b[0m", "logger": "utils.excel_handler", "message": "⏱️ Operation 'excel_read_operation' completed in 0.2254s", "module": "logger", "function": "end_timer", "line": 170}
{"timestamp": "2025-08-29T10:12:39.730752", "level": "\u001b[32mINFO\u001b[0m", "logger": "utils.database", "message": "Retrieved places from Excel cache | record_count=61", "module": "", "function": null, "line": 0, "extra_data": {"record_count": 61}}
{"timestamp": "2025-08-29T10:12:39.731175", "level": "\u001b[32mINFO\u001b[0m", "logger": "utils.database", "message": "⏱️ Operation 'get_all_places' completed in 0.2293s", "module": "logger", "function": "end_timer", "line": 170}
{"timestamp": "2025-08-29T10:12:39.733589", "level": "DEBUG", "logger": "utils.database", "message": "Getting Excel statistics", "module": "", "function": null, "line": 0, "extra_data": {}}
{"timestamp": "2025-08-29T10:12:39.734350", "level": "DEBUG", "logger": "ExcelHandler", "message": "Reading Excel data | file_path=utils\\places.xlsx | use_cache=True", "module": "", "function": null, "line": 0, "extra_data": {"file_path": "utils\\places.xlsx", "use_cache": true}}
{"timestamp": "2025-08-29T10:12:39.734817", "level": "DEBUG", "logger": "ExcelCacheManager", "message": "Cache validity check | is_valid=True | cache_age_seconds=0.00526 | max_age_seconds=300.0", "module": "", "function": null, "line": 0, "extra_data": {"is_valid": true, "cache_age_seconds": 0.00526, "max_age_seconds": 300.0}}
{"timestamp": "2025-08-29T10:12:39.735126", "level": "DEBUG", "logger": "ExcelCacheManager", "message": "Returning cached data | records=61", "module": "", "function": null, "line": 0, "extra_data": {"records": 61}}
{"timestamp": "2025-08-29T10:12:39.735578", "level": "\u001b[32mINFO\u001b[0m", "logger": "utils.excel_handler", "message": "⏱️ Operation 'excel_read_operation' completed in 0.0012s", "module": "logger", "function": "end_timer", "line": 170}
{"timestamp": "2025-08-29T10:12:39.735961", "level": "DEBUG", "logger": "ExcelCacheManager", "message": "Cache validity check | is_valid=True | cache_age_seconds=0.006407 | max_age_seconds=300.0", "module": "", "function": null, "line": 0, "extra_data": {"is_valid": true, "cache_age_seconds": 0.006407, "max_age_seconds": 300.0}}
{"timestamp": "2025-08-29T10:12:39.736185", "level": "DEBUG", "logger": "utils.database", "message": "Retrieving all places | prefer_excel=False", "module": "", "function": null, "line": 0, "extra_data": {"prefer_excel": false}}
{"timestamp": "2025-08-29T10:12:39.736359", "level": "DEBUG", "logger": "utils.database", "message": "Executing get_all_places query", "module": "", "function": null, "line": 0, "extra_data": {}}
{"timestamp": "2025-08-29T10:12:39.974360", "level": "\u001b[32mINFO\u001b[0m", "logger": "utils.database", "message": "Successfully retrieved all places from database | record_count=61", "module": "", "function": null, "line": 0, "extra_data": {"record_count": 61}}
{"timestamp": "2025-08-29T10:12:39.974775", "level": "DEBUG", "logger": "ExcelHandler", "message": "Syncing Excel from database | records=61", "module": "", "function": null, "line": 0, "extra_data": {"records": 61}}
{"timestamp": "2025-08-29T10:12:39.974931", "level": "DEBUG", "logger": "ExcelHandler", "message": "Writing Excel data | records=61 | file_path=utils\\places.xlsx", "module": "", "function": null, "line": 0, "extra_data": {"records": 61, "file_path": "utils\\places.xlsx"}}
{"timestamp": "2025-08-29T10:12:40.011910", "level": "DEBUG", "logger": "ExcelCacheManager", "message": "Cache updated | records=61", "module": "", "function": null, "line": 0, "extra_data": {"records": 61}}
{"timestamp": "2025-08-29T10:12:40.012294", "level": "\u001b[32mINFO\u001b[0m", "logger": "ExcelHandler", "message": "Excel data written successfully | records=61 | file_path=utils\\places.xlsx", "module": "", "function": null, "line": 0, "extra_data": {"records": 61, "file_path": "utils\\places.xlsx"}}
{"timestamp": "2025-08-29T10:12:40.012941", "level": "\u001b[32mINFO\u001b[0m", "logger": "utils.excel_handler", "message": "⏱️ Operation 'excel_write_operation' completed in 0.0380s", "module": "logger", "function": "end_timer", "line": 170}
{"timestamp": "2025-08-29T10:12:40.013369", "level": "\u001b[32mINFO\u001b[0m", "logger": "utils.database", "message": "⏱️ Operation 'get_all_places' completed in 0.2772s", "module": "logger", "function": "end_timer", "line": 170}
{"timestamp": "2025-08-29T10:12:40.019213", "level": "DEBUG", "logger": "__main__", "message": "Page selected | page=View All Places", "module": "", "function": null, "line": 0, "extra_data": {"page": "View All Places"}}
{"timestamp": "2025-08-29T10:12:40.019580", "level": "DEBUG", "logger": "__main__", "message": "Rendering view all places page", "module": "", "function": null, "line": 0, "extra_data": {}}
{"timestamp": "2025-08-29T10:12:40.022270", "level": "DEBUG", "logger": "utils.database", "message": "Getting paginated places | page=1 | page_size=10 | sort_by=place_id | sort_order=ASC | has_search=False", "module": "", "function": null, "line": 0, "extra_data": {"page": 1, "page_size": 10, "sort_by": "place_id", "sort_order": "ASC", "has_search": false}}
{"timestamp": "2025-08-29T10:12:40.193187", "level": "DEBUG", "logger": "utils.database", "message": "Count query completed | total_count=61", "module": "", "function": null, "line": 0, "extra_data": {"total_count": 61}}
{"timestamp": "2025-08-29T10:12:40.193368", "level": "DEBUG", "logger": "utils.database", "message": "Executing main paginated query | offset=0 | limit=10", "module": "", "function": null, "line": 0, "extra_data": {"offset": 0, "limit": 10}}
{"timestamp": "2025-08-29T10:12:40.369497", "level": "\u001b[32mINFO\u001b[0m", "logger": "utils.database", "message": "Successfully retrieved paginated places | returned_records=10 | total_count=61 | page=1 | page_size=10", "module": "", "function": null, "line": 0, "extra_data": {"returned_records": 10, "total_count": 61, "page": 1, "page_size": 10}}
{"timestamp": "2025-08-29T10:12:40.370027", "level": "\u001b[32mINFO\u001b[0m", "logger": "utils.database", "message": "⏱️ Operation 'get_places_paginated' completed in 0.3477s", "module": "logger", "function": "end_timer", "line": 170}
{"timestamp": "2025-08-29T10:12:40.370836", "level": "DEBUG", "logger": "ui.components", "message": "Rendering places table | records_count=10 | total_count=61", "module": "", "function": null, "line": 0, "extra_data": {"records_count": 10, "total_count": 61}}
{"timestamp": "2025-08-29T10:12:40.371210", "level": "DEBUG", "logger": "ui.components", "message": "Rendering table controls | total_count=61", "module": "", "function": null, "line": 0, "extra_data": {"total_count": 61}}
{"timestamp": "2025-08-29T10:12:40.374120", "level": "DEBUG", "logger": "ui.components", "message": "Preparing display dataframe | columns=['place_id', 'latitude', 'longitude', 'types', 'name', 'address', 'pincode', 'created_at', 'updated_at']", "module": "", "function": null, "line": 0, "extra_data": {"columns": ["place_id", "latitude", "longitude", "types", "name", "address", "pincode", "created_at", "updated_at"]}}
{"timestamp": "2025-08-29T10:12:40.392657", "level": "DEBUG", "logger": "ui.components", "message": "Rendering action buttons | place_count=10", "module": "", "function": null, "line": 0, "extra_data": {"place_count": 10}}
{"timestamp": "2025-08-29T10:12:40.481553", "level": "DEBUG", "logger": "ui.components", "message": "Rendering pagination controls | total_count=61 | page_size=10", "module": "", "function": null, "line": 0, "extra_data": {"total_count": 61, "page_size": 10}}
{"timestamp": "2025-08-29T10:12:49.196609", "level": "\u001b[32mINFO\u001b[0m", "logger": "utils.logger", "message": "🔧 Enhanced logging system initialized | level=INFO | debug_mode=False | log_to_file=True | log_to_output=True | output_directory=D:\\durgas\\travel_tour\\travel_pipeline\\output", "module": "", "function": null, "line": 0, "extra_data": {"level": "INFO", "debug_mode": false, "log_to_file": true, "log_to_output": true, "output_directory": "D:\\durgas\\travel_tour\\travel_pipeline\\output"}}
{"timestamp": "2025-08-29T10:12:49.202759", "level": "\u001b[32mINFO\u001b[0m", "logger": "__main__", "message": "Starting Places Management System application", "module": "", "function": null, "line": 0, "extra_data": {}}
{"timestamp": "2025-08-29T10:12:49.203246", "level": "DEBUG", "logger": "__main__", "message": "Initializing session state", "module": "", "function": null, "line": 0, "extra_data": {}}
{"timestamp": "2025-08-29T10:12:49.203567", "level": "DEBUG", "logger": "__main__", "message": "Session state initialized successfully", "module": "", "function": null, "line": 0, "extra_data": {}}
{"timestamp": "2025-08-29T10:12:49.216264", "level": "DEBUG", "logger": "utils.database", "message": "Retrieving all places | prefer_excel=True", "module": "", "function": null, "line": 0, "extra_data": {"prefer_excel": true}}
{"timestamp": "2025-08-29T10:12:49.217993", "level": "DEBUG", "logger": "ExcelHandler", "message": "Reading Excel data | file_path=utils\\places.xlsx | use_cache=True", "module": "", "function": null, "line": 0, "extra_data": {"file_path": "utils\\places.xlsx", "use_cache": true}}
{"timestamp": "2025-08-29T10:12:49.218341", "level": "DEBUG", "logger": "ExcelCacheManager", "message": "Cache validity check | is_valid=True | cache_age_seconds=9.206414 | max_age_seconds=300.0", "module": "", "function": null, "line": 0, "extra_data": {"is_valid": true, "cache_age_seconds": 9.206414, "max_age_seconds": 300.0}}
{"timestamp": "2025-08-29T10:12:49.218635", "level": "DEBUG", "logger": "ExcelCacheManager", "message": "Returning cached data | records=61", "module": "", "function": null, "line": 0, "extra_data": {"records": 61}}
{"timestamp": "2025-08-29T10:12:49.219431", "level": "\u001b[32mINFO\u001b[0m", "logger": "utils.excel_handler", "message": "⏱️ Operation 'excel_read_operation' completed in 0.0014s", "module": "logger", "function": "end_timer", "line": 170}
{"timestamp": "2025-08-29T10:12:49.220052", "level": "\u001b[32mINFO\u001b[0m", "logger": "utils.database", "message": "Retrieved places from Excel cache | record_count=61", "module": "", "function": null, "line": 0, "extra_data": {"record_count": 61}}
{"timestamp": "2025-08-29T10:12:49.220639", "level": "\u001b[32mINFO\u001b[0m", "logger": "utils.database", "message": "⏱️ Operation 'get_all_places' completed in 0.0043s", "module": "logger", "function": "end_timer", "line": 170}
{"timestamp": "2025-08-29T10:12:49.224233", "level": "DEBUG", "logger": "utils.database", "message": "Getting Excel statistics", "module": "", "function": null, "line": 0, "extra_data": {}}
{"timestamp": "2025-08-29T10:12:49.225314", "level": "DEBUG", "logger": "ExcelHandler", "message": "Reading Excel data | file_path=utils\\places.xlsx | use_cache=True", "module": "", "function": null, "line": 0, "extra_data": {"file_path": "utils\\places.xlsx", "use_cache": true}}
{"timestamp": "2025-08-29T10:12:49.225933", "level": "DEBUG", "logger": "ExcelCacheManager", "message": "Cache validity check | is_valid=True | cache_age_seconds=9.214009 | max_age_seconds=300.0", "module": "", "function": null, "line": 0, "extra_data": {"is_valid": true, "cache_age_seconds": 9.214009, "max_age_seconds": 300.0}}
{"timestamp": "2025-08-29T10:12:49.226526", "level": "DEBUG", "logger": "ExcelCacheManager", "message": "Returning cached data | records=61", "module": "", "function": null, "line": 0, "extra_data": {"records": 61}}
{"timestamp": "2025-08-29T10:12:49.227927", "level": "\u001b[32mINFO\u001b[0m", "logger": "utils.excel_handler", "message": "⏱️ Operation 'excel_read_operation' completed in 0.0026s", "module": "logger", "function": "end_timer", "line": 170}
{"timestamp": "2025-08-29T10:12:49.231008", "level": "DEBUG", "logger": "ExcelCacheManager", "message": "Cache validity check | is_valid=True | cache_age_seconds=9.219074 | max_age_seconds=300.0", "module": "", "function": null, "line": 0, "extra_data": {"is_valid": true, "cache_age_seconds": 9.219074, "max_age_seconds": 300.0}}
{"timestamp": "2025-08-29T10:12:49.231321", "level": "DEBUG", "logger": "utils.database", "message": "Retrieving all places | prefer_excel=False", "module": "", "function": null, "line": 0, "extra_data": {"prefer_excel": false}}
{"timestamp": "2025-08-29T10:12:49.231552", "level": "DEBUG", "logger": "utils.database", "message": "Executing get_all_places query", "module": "", "function": null, "line": 0, "extra_data": {}}
{"timestamp": "2025-08-29T10:12:49.452454", "level": "\u001b[32mINFO\u001b[0m", "logger": "utils.database", "message": "Successfully retrieved all places from database | record_count=61", "module": "", "function": null, "line": 0, "extra_data": {"record_count": 61}}
{"timestamp": "2025-08-29T10:12:49.452848", "level": "DEBUG", "logger": "ExcelHandler", "message": "Syncing Excel from database | records=61", "module": "", "function": null, "line": 0, "extra_data": {"records": 61}}
{"timestamp": "2025-08-29T10:12:49.453007", "level": "DEBUG", "logger": "ExcelHandler", "message": "Writing Excel data | records=61 | file_path=utils\\places.xlsx", "module": "", "function": null, "line": 0, "extra_data": {"records": 61, "file_path": "utils\\places.xlsx"}}
{"timestamp": "2025-08-29T10:12:49.498151", "level": "DEBUG", "logger": "ExcelCacheManager", "message": "Cache updated | records=61", "module": "", "function": null, "line": 0, "extra_data": {"records": 61}}
{"timestamp": "2025-08-29T10:12:49.498750", "level": "\u001b[32mINFO\u001b[0m", "logger": "ExcelHandler", "message": "Excel data written successfully | records=61 | file_path=utils\\places.xlsx", "module": "", "function": null, "line": 0, "extra_data": {"records": 61, "file_path": "utils\\places.xlsx"}}
{"timestamp": "2025-08-29T10:12:49.499395", "level": "\u001b[32mINFO\u001b[0m", "logger": "utils.excel_handler", "message": "⏱️ Operation 'excel_write_operation' completed in 0.0464s", "module": "logger", "function": "end_timer", "line": 170}
{"timestamp": "2025-08-29T10:12:49.499886", "level": "\u001b[32mINFO\u001b[0m", "logger": "utils.database", "message": "⏱️ Operation 'get_all_places' completed in 0.2686s", "module": "logger", "function": "end_timer", "line": 170}
{"timestamp": "2025-08-29T10:12:49.507158", "level": "DEBUG", "logger": "__main__", "message": "Page selected | page=OLA Maps API Testing", "module": "", "function": null, "line": 0, "extra_data": {"page": "OLA Maps API Testing"}}
{"timestamp": "2025-08-29T10:12:49.507786", "level": "DEBUG", "logger": "__main__", "message": "Rendering API testing page", "module": "", "function": null, "line": 0, "extra_data": {}}
{"timestamp": "2025-08-29T10:12:49.509289", "level": "\u001b[32mINFO\u001b[0m", "logger": "api_testing.ola_maps_api_tester", "message": "🔧 APITestingUI initialized", "module": "", "function": null, "line": 0, "extra_data": {}}
{"timestamp": "2025-08-29T10:12:49.511173", "level": "DEBUG", "logger": "api_testing.ola_maps_api_tester", "message": "🚀 Entering function: api_testing.ola_maps_api_tester.render with params: {'args_count': 1, 'kwargs_keys': [], 'function': 'api_testing.ola_maps_api_tester.render', 'module': 'api_testing.ola_maps_api_tester'}", "module": "", "function": null, "line": 0, "extra_data": {}}
{"timestamp": "2025-08-29T10:12:49.512074", "level": "\u001b[32mINFO\u001b[0m", "logger": "api_testing.ola_maps_api_tester", "message": "🎨 Rendering main API testing interface", "module": "", "function": null, "line": 0, "extra_data": {}}
{"timestamp": "2025-08-29T10:12:49.514078", "level": "DEBUG", "logger": "api_testing.ola_maps_api_tester", "message": "🚀 Entering function: api_testing.ola_maps_api_tester.render_collection_selector with params: {'args_count': 1, 'kwargs_keys': [], 'function': 'api_testing.ola_maps_api_tester.render_collection_selector', 'module': 'api_testing.ola_maps_api_tester'}", "module": "", "function": null, "line": 0, "extra_data": {}}
{"timestamp": "2025-08-29T10:12:49.514503", "level": "DEBUG", "logger": "api_testing.ola_maps_api_tester", "message": "🔍 Rendering collection selector", "module": "", "function": null, "line": 0, "extra_data": {}}
{"timestamp": "2025-08-29T10:12:49.521370", "level": "\u001b[32mINFO\u001b[0m", "logger": "api_testing.ola_maps_api_tester", "message": "📋 Collection selected | selected_collection=Elevation API.postman_collection.json", "module": "", "function": null, "line": 0, "extra_data": {"selected_collection": "Elevation API.postman_collection.json"}}
{"timestamp": "2025-08-29T10:12:49.524048", "level": "DEBUG", "logger": "api_testing.ola_maps_api_tester", "message": "✅ Exiting function: api_testing.ola_maps_api_tester.render_collection_selector", "module": "", "function": null, "line": 0, "extra_data": {}}
{"timestamp": "2025-08-29T10:12:49.524501", "level": "DEBUG", "logger": "api_testing.ola_maps_api_tester", "message": "🚀 Entering function: api_testing.ola_maps_api_tester.render_sidebar_config with params: {'args_count': 1, 'kwargs_keys': [], 'function': 'api_testing.ola_maps_api_tester.render_sidebar_config', 'module': 'api_testing.ola_maps_api_tester'}", "module": "", "function": null, "line": 0, "extra_data": {}}
{"timestamp": "2025-08-29T10:12:49.525170", "level": "DEBUG", "logger": "api_testing.ola_maps_api_tester", "message": "⚙️ Rendering sidebar configuration", "module": "", "function": null, "line": 0, "extra_data": {}}
{"timestamp": "2025-08-29T10:12:49.529213", "level": "DEBUG", "logger": "api_testing.ola_maps_api_tester", "message": "✅ Exiting function: api_testing.ola_maps_api_tester.render_sidebar_config", "module": "", "function": null, "line": 0, "extra_data": {}}
{"timestamp": "2025-08-29T10:12:49.529590", "level": "DEBUG", "logger": "api_testing.ola_maps_api_tester", "message": "✅ Exiting function: api_testing.ola_maps_api_tester.render", "module": "", "function": null, "line": 0, "extra_data": {}}
{"timestamp": "2025-08-29T10:12:51.205754", "level": "\u001b[32mINFO\u001b[0m", "logger": "utils.logger", "message": "🔧 Enhanced logging system initialized | level=INFO | debug_mode=False | log_to_file=True | log_to_output=True | output_directory=D:\\durgas\\travel_tour\\travel_pipeline\\output", "module": "", "function": null, "line": 0, "extra_data": {"level": "INFO", "debug_mode": false, "log_to_file": true, "log_to_output": true, "output_directory": "D:\\durgas\\travel_tour\\travel_pipeline\\output"}}
{"timestamp": "2025-08-29T10:12:51.211436", "level": "\u001b[32mINFO\u001b[0m", "logger": "__main__", "message": "Starting Places Management System application", "module": "", "function": null, "line": 0, "extra_data": {}}
{"timestamp": "2025-08-29T10:12:51.212755", "level": "DEBUG", "logger": "__main__", "message": "Initializing session state", "module": "", "function": null, "line": 0, "extra_data": {}}
{"timestamp": "2025-08-29T10:12:51.213544", "level": "DEBUG", "logger": "__main__", "message": "Session state initialized successfully", "module": "", "function": null, "line": 0, "extra_data": {}}
{"timestamp": "2025-08-29T10:12:51.232220", "level": "DEBUG", "logger": "utils.database", "message": "Retrieving all places | prefer_excel=True", "module": "", "function": null, "line": 0, "extra_data": {"prefer_excel": true}}
{"timestamp": "2025-08-29T10:12:51.234256", "level": "DEBUG", "logger": "ExcelHandler", "message": "Reading Excel data | file_path=utils\\places.xlsx | use_cache=True", "module": "", "function": null, "line": 0, "extra_data": {"file_path": "utils\\places.xlsx", "use_cache": true}}
{"timestamp": "2025-08-29T10:12:51.234684", "level": "DEBUG", "logger": "ExcelCacheManager", "message": "Cache validity check | is_valid=True | cache_age_seconds=1.736515 | max_age_seconds=300.0", "module": "", "function": null, "line": 0, "extra_data": {"is_valid": true, "cache_age_seconds": 1.736515, "max_age_seconds": 300.0}}
{"timestamp": "2025-08-29T10:12:51.236059", "level": "DEBUG", "logger": "ExcelCacheManager", "message": "Returning cached data | records=61", "module": "", "function": null, "line": 0, "extra_data": {"records": 61}}
{"timestamp": "2025-08-29T10:12:51.239822", "level": "\u001b[32mINFO\u001b[0m", "logger": "utils.excel_handler", "message": "⏱️ Operation 'excel_read_operation' completed in 0.0055s", "module": "logger", "function": "end_timer", "line": 170}
{"timestamp": "2025-08-29T10:12:51.243492", "level": "\u001b[32mINFO\u001b[0m", "logger": "utils.database", "message": "Retrieved places from Excel cache | record_count=61", "module": "", "function": null, "line": 0, "extra_data": {"record_count": 61}}
{"timestamp": "2025-08-29T10:12:51.244151", "level": "\u001b[32mINFO\u001b[0m", "logger": "utils.database", "message": "⏱️ Operation 'get_all_places' completed in 0.0119s", "module": "logger", "function": "end_timer", "line": 170}
{"timestamp": "2025-08-29T10:12:51.254785", "level": "DEBUG", "logger": "utils.database", "message": "Getting Excel statistics", "module": "", "function": null, "line": 0, "extra_data": {}}
{"timestamp": "2025-08-29T10:12:51.255461", "level": "DEBUG", "logger": "ExcelHandler", "message": "Reading Excel data | file_path=utils\\places.xlsx | use_cache=True", "module": "", "function": null, "line": 0, "extra_data": {"file_path": "utils\\places.xlsx", "use_cache": true}}
{"timestamp": "2025-08-29T10:12:51.259512", "level": "DEBUG", "logger": "ExcelCacheManager", "message": "Cache validity check | is_valid=True | cache_age_seconds=1.761341 | max_age_seconds=300.0", "module": "", "function": null, "line": 0, "extra_data": {"is_valid": true, "cache_age_seconds": 1.761341, "max_age_seconds": 300.0}}
{"timestamp": "2025-08-29T10:12:51.259791", "level": "DEBUG", "logger": "ExcelCacheManager", "message": "Returning cached data | records=61", "module": "", "function": null, "line": 0, "extra_data": {"records": 61}}
{"timestamp": "2025-08-29T10:12:51.262026", "level": "\u001b[32mINFO\u001b[0m", "logger": "utils.excel_handler", "message": "⏱️ Operation 'excel_read_operation' completed in 0.0065s", "module": "logger", "function": "end_timer", "line": 170}
{"timestamp": "2025-08-29T10:12:51.263545", "level": "DEBUG", "logger": "ExcelCacheManager", "message": "Cache validity check | is_valid=True | cache_age_seconds=1.765374 | max_age_seconds=300.0", "module": "", "function": null, "line": 0, "extra_data": {"is_valid": true, "cache_age_seconds": 1.765374, "max_age_seconds": 300.0}}
{"timestamp": "2025-08-29T10:12:51.264248", "level": "DEBUG", "logger": "utils.database", "message": "Retrieving all places | prefer_excel=False", "module": "", "function": null, "line": 0, "extra_data": {"prefer_excel": false}}
{"timestamp": "2025-08-29T10:12:51.264656", "level": "DEBUG", "logger": "utils.database", "message": "Executing get_all_places query", "module": "", "function": null, "line": 0, "extra_data": {}}
{"timestamp": "2025-08-29T10:12:51.488280", "level": "\u001b[32mINFO\u001b[0m", "logger": "utils.database", "message": "Successfully retrieved all places from database | record_count=61", "module": "", "function": null, "line": 0, "extra_data": {"record_count": 61}}
{"timestamp": "2025-08-29T10:12:51.488767", "level": "DEBUG", "logger": "ExcelHandler", "message": "Syncing Excel from database | records=61", "module": "", "function": null, "line": 0, "extra_data": {"records": 61}}
{"timestamp": "2025-08-29T10:12:51.489053", "level": "DEBUG", "logger": "ExcelHandler", "message": "Writing Excel data | records=61 | file_path=utils\\places.xlsx", "module": "", "function": null, "line": 0, "extra_data": {"records": 61, "file_path": "utils\\places.xlsx"}}
{"timestamp": "2025-08-29T10:12:51.547912", "level": "DEBUG", "logger": "ExcelCacheManager", "message": "Cache updated | records=61", "module": "", "function": null, "line": 0, "extra_data": {"records": 61}}
{"timestamp": "2025-08-29T10:12:51.548503", "level": "\u001b[32mINFO\u001b[0m", "logger": "ExcelHandler", "message": "Excel data written successfully | records=61 | file_path=utils\\places.xlsx", "module": "", "function": null, "line": 0, "extra_data": {"records": 61, "file_path": "utils\\places.xlsx"}}
{"timestamp": "2025-08-29T10:12:51.549947", "level": "\u001b[32mINFO\u001b[0m", "logger": "utils.excel_handler", "message": "⏱️ Operation 'excel_write_operation' completed in 0.0609s", "module": "logger", "function": "end_timer", "line": 170}
{"timestamp": "2025-08-29T10:12:51.551008", "level": "\u001b[32mINFO\u001b[0m", "logger": "utils.database", "message": "⏱️ Operation 'get_all_places' completed in 0.2867s", "module": "logger", "function": "end_timer", "line": 170}
{"timestamp": "2025-08-29T10:12:51.561851", "level": "DEBUG", "logger": "__main__", "message": "Page selected | page=OLA Maps API Testing", "module": "", "function": null, "line": 0, "extra_data": {"page": "OLA Maps API Testing"}}
{"timestamp": "2025-08-29T10:12:51.562796", "level": "DEBUG", "logger": "__main__", "message": "Rendering API testing page", "module": "", "function": null, "line": 0, "extra_data": {}}
{"timestamp": "2025-08-29T10:12:51.563515", "level": "\u001b[32mINFO\u001b[0m", "logger": "api_testing.ola_maps_api_tester", "message": "🔧 APITestingUI initialized", "module": "", "function": null, "line": 0, "extra_data": {}}
{"timestamp": "2025-08-29T10:12:51.564484", "level": "DEBUG", "logger": "api_testing.ola_maps_api_tester", "message": "🚀 Entering function: api_testing.ola_maps_api_tester.render with params: {'args_count': 1, 'kwargs_keys': [], 'function': 'api_testing.ola_maps_api_tester.render', 'module': 'api_testing.ola_maps_api_tester'}", "module": "", "function": null, "line": 0, "extra_data": {}}
{"timestamp": "2025-08-29T10:12:51.564929", "level": "\u001b[32mINFO\u001b[0m", "logger": "api_testing.ola_maps_api_tester", "message": "🎨 Rendering main API testing interface", "module": "", "function": null, "line": 0, "extra_data": {}}
{"timestamp": "2025-08-29T10:12:51.566913", "level": "DEBUG", "logger": "api_testing.ola_maps_api_tester", "message": "🚀 Entering function: api_testing.ola_maps_api_tester.render_collection_selector with params: {'args_count': 1, 'kwargs_keys': [], 'function': 'api_testing.ola_maps_api_tester.render_collection_selector', 'module': 'api_testing.ola_maps_api_tester'}", "module": "", "function": null, "line": 0, "extra_data": {}}
{"timestamp": "2025-08-29T10:12:51.568317", "level": "DEBUG", "logger": "api_testing.ola_maps_api_tester", "message": "🔍 Rendering collection selector", "module": "", "function": null, "line": 0, "extra_data": {}}
{"timestamp": "2025-08-29T10:12:51.573011", "level": "\u001b[32mINFO\u001b[0m", "logger": "api_testing.ola_maps_api_tester", "message": "📋 Collection selected | selected_collection=Elevation API.postman_collection.json", "module": "", "function": null, "line": 0, "extra_data": {"selected_collection": "Elevation API.postman_collection.json"}}
{"timestamp": "2025-08-29T10:12:51.574632", "level": "\u001b[32mINFO\u001b[0m", "logger": "api_testing.ola_maps_api_tester", "message": "🚀 Loading collection | filename=Elevation API.postman_collection.json", "module": "", "function": null, "line": 0, "extra_data": {"filename": "Elevation API.postman_collection.json"}}
{"timestamp": "2025-08-29T10:12:51.582014", "level": "\u001b[32mINFO\u001b[0m", "logger": "api_testing.ola_maps_api_tester", "message": "✅ Collection loaded successfully | filename=Elevation API.postman_collection.json", "module": "", "function": null, "line": 0, "extra_data": {"filename": "Elevation API.postman_collection.json"}}
{"timestamp": "2025-08-29T10:12:51.584460", "level": "\u001b[32mINFO\u001b[0m", "logger": "api_testing.ola_maps_api_tester", "message": "📊 Rendering main content tabs | endpoints_count=4", "module": "", "function": null, "line": 0, "extra_data": {"endpoints_count": 4}}
{"timestamp": "2025-08-29T10:12:51.588671", "level": "DEBUG", "logger": "api_testing.ola_maps_api_tester", "message": "🚀 Entering function: api_testing.ola_maps_api_tester.render_category_view with params: {'args_count': 1, 'kwargs_keys': [], 'function': 'api_testing.ola_maps_api_tester.render_category_view', 'module': 'api_testing.ola_maps_api_tester'}", "module": "", "function": null, "line": 0, "extra_data": {}}
{"timestamp": "2025-08-29T10:12:51.589132", "level": "\u001b[32mINFO\u001b[0m", "logger": "api_testing.ola_maps_api_tester", "message": "📋 Rendering category view", "module": "", "function": null, "line": 0, "extra_data": {}}
{"timestamp": "2025-08-29T10:12:51.593926", "level": "DEBUG", "logger": "api_testing.ola_maps_api_tester", "message": "🏷️ Category selected | category=Elevation", "module": "", "function": null, "line": 0, "extra_data": {"category": "Elevation"}}
{"timestamp": "2025-08-29T10:12:51.594960", "level": "\u001b[32mINFO\u001b[0m", "logger": "api_testing.ola_maps_api_tester", "message": "📋 Displaying category endpoints | category=Elevation | endpoints_count=4", "module": "", "function": null, "line": 0, "extra_data": {"category": "Elevation", "endpoints_count": 4}}
{"timestamp": "2025-08-29T10:12:51.623130", "level": "DEBUG", "logger": "api_testing.ola_maps_api_tester", "message": "✅ Exiting function: api_testing.ola_maps_api_tester.render_category_view", "module": "", "function": null, "line": 0, "extra_data": {}}
{"timestamp": "2025-08-29T10:12:51.623691", "level": "DEBUG", "logger": "api_testing.ola_maps_api_tester", "message": "🚀 Entering function: api_testing.ola_maps_api_tester.render_individual_testing with params: {'args_count': 1, 'kwargs_keys': [], 'function': 'api_testing.ola_maps_api_tester.render_individual_testing', 'module': 'api_testing.ola_maps_api_tester'}", "module": "", "function": null, "line": 0, "extra_data": {}}
{"timestamp": "2025-08-29T10:12:51.624111", "level": "\u001b[32mINFO\u001b[0m", "logger": "api_testing.ola_maps_api_tester", "message": "🔍 Rendering individual testing view", "module": "", "function": null, "line": 0, "extra_data": {}}
{"timestamp": "2025-08-29T10:12:51.625383", "level": "DEBUG", "logger": "api_testing.ola_maps_api_tester", "message": "📋 Created endpoint options | options_count=4", "module": "", "function": null, "line": 0, "extra_data": {"options_count": 4}}
{"timestamp": "2025-08-29T10:12:51.629293", "level": "\u001b[32mINFO\u001b[0m", "logger": "api_testing.ola_maps_api_tester", "message": "🔍 Endpoint selected | endpoint_name=[GET] Single Elevation - GET (Elevation) | actual_name=Single Elevation - GET", "module": "", "function": null, "line": 0, "extra_data": {"endpoint_name": "[GET] Single Elevation - GET (Elevation)", "actual_name": "Single Elevation - GET"}}
{"timestamp": "2025-08-29T10:12:51.633274", "level": "DEBUG", "logger": "api_testing.ola_maps_api_tester", "message": "🚀 Entering function: api_testing.ola_maps_api_tester.display_endpoint_details with params: {'args_count': 2, 'kwargs_keys': [], 'function': 'api_testing.ola_maps_api_tester.display_endpoint_details', 'module': 'api_testing.ola_maps_api_tester'}", "module": "", "function": null, "line": 0, "extra_data": {}}
{"timestamp": "2025-08-29T10:12:51.633503", "level": "DEBUG", "logger": "api_testing.ola_maps_api_tester", "message": "📊 Displaying endpoint details | endpoint_name=Single Elevation - GET | method=GET | category=Elevation", "module": "", "function": null, "line": 0, "extra_data": {"endpoint_name": "Single Elevation - GET", "method": "GET", "category": "Elevation"}}
{"timestamp": "2025-08-29T10:12:51.650021", "level": "DEBUG", "logger": "api_testing.ola_maps_api_tester", "message": "✅ Exiting function: api_testing.ola_maps_api_tester.display_endpoint_details", "module": "", "function": null, "line": 0, "extra_data": {}}
{"timestamp": "2025-08-29T10:12:51.650902", "level": "DEBUG", "logger": "api_testing.ola_maps_api_tester", "message": "🚀 Entering function: api_testing.ola_maps_api_tester.render_endpoint_testing_interface with params: {'args_count': 2, 'kwargs_keys': [], 'function': 'api_testing.ola_maps_api_tester.render_endpoint_testing_interface', 'module': 'api_testing.ola_maps_api_tester'}", "module": "", "function": null, "line": 0, "extra_data": {}}
{"timestamp": "2025-08-29T10:12:51.651555", "level": "DEBUG", "logger": "api_testing.ola_maps_api_tester", "message": "🧪 Rendering endpoint testing interface | endpoint_name=Single Elevation - GET", "module": "", "function": null, "line": 0, "extra_data": {"endpoint_name": "Single Elevation - GET"}}
{"timestamp": "2025-08-29T10:12:51.654621", "level": "DEBUG", "logger": "api_testing.ola_maps_api_tester", "message": "🔧 Query parameter input | key=location | value=12.93127,77.61649", "module": "", "function": null, "line": 0, "extra_data": {"key": "location", "value": "12.93127,77.61649"}}
{"timestamp": "2025-08-29T10:12:51.660318", "level": "DEBUG", "logger": "api_testing.ola_maps_api_tester", "message": "✅ Exiting function: api_testing.ola_maps_api_tester.render_endpoint_testing_interface", "module": "", "function": null, "line": 0, "extra_data": {}}
{"timestamp": "2025-08-29T10:12:51.661134", "level": "DEBUG", "logger": "api_testing.ola_maps_api_tester", "message": "✅ Exiting function: api_testing.ola_maps_api_tester.render_individual_testing", "module": "", "function": null, "line": 0, "extra_data": {}}
{"timestamp": "2025-08-29T10:12:51.661864", "level": "DEBUG", "logger": "api_testing.ola_maps_api_tester", "message": "🚀 Entering function: api_testing.ola_maps_api_tester.render_endpoint_list_view with params: {'args_count': 1, 'kwargs_keys': [], 'function': 'api_testing.ola_maps_api_tester.render_endpoint_list_view', 'module': 'api_testing.ola_maps_api_tester'}", "module": "", "function": null, "line": 0, "extra_data": {}}
{"timestamp": "2025-08-29T10:12:51.662813", "level": "\u001b[32mINFO\u001b[0m", "logger": "api_testing.ola_maps_api_tester", "message": "📋 Rendering endpoint list view", "module": "", "function": null, "line": 0, "extra_data": {}}
{"timestamp": "2025-08-29T10:12:51.665426", "level": "DEBUG", "logger": "api_testing.ola_maps_api_tester", "message": "📊 Total endpoints for list view | total_count=4", "module": "", "function": null, "line": 0, "extra_data": {"total_count": 4}}
{"timestamp": "2025-08-29T10:12:51.681000", "level": "DEBUG", "logger": "api_testing.ola_maps_api_tester", "message": "🔍 Filters applied | original_count=4 | filtered_count=4 | category_filter=All Categories | method_filter=All Methods | search_term=", "module": "", "function": null, "line": 0, "extra_data": {"original_count": 4, "filtered_count": 4, "category_filter": "All Categories", "method_filter": "All Methods", "search_term": ""}}
{"timestamp": "2025-08-29T10:12:51.683624", "level": "\u001b[32mINFO\u001b[0m", "logger": "api_testing.ola_maps_api_tester", "message": "🔍 Endpoint selected from list | endpoint_name=[GET] Single Elevation - GET (Elevation) | actual_name=Single Elevation - GET", "module": "", "function": null, "line": 0, "extra_data": {"endpoint_name": "[GET] Single Elevation - GET (Elevation)", "actual_name": "Single Elevation - GET"}}
{"timestamp": "2025-08-29T10:12:51.684666", "level": "DEBUG", "logger": "api_testing.ola_maps_api_tester", "message": "🚀 Entering function: api_testing.ola_maps_api_tester.display_endpoint_details with params: {'args_count': 2, 'kwargs_keys': [], 'function': 'api_testing.ola_maps_api_tester.display_endpoint_details', 'module': 'api_testing.ola_maps_api_tester'}", "module": "", "function": null, "line": 0, "extra_data": {}}
{"timestamp": "2025-08-29T10:12:51.685123", "level": "DEBUG", "logger": "api_testing.ola_maps_api_tester", "message": "📊 Displaying endpoint details | endpoint_name=Single Elevation - GET | method=GET | category=Elevation", "module": "", "function": null, "line": 0, "extra_data": {"endpoint_name": "Single Elevation - GET", "method": "GET", "category": "Elevation"}}
{"timestamp": "2025-08-29T10:12:51.703824", "level": "DEBUG", "logger": "api_testing.ola_maps_api_tester", "message": "✅ Exiting function: api_testing.ola_maps_api_tester.display_endpoint_details", "module": "", "function": null, "line": 0, "extra_data": {}}
{"timestamp": "2025-08-29T10:12:51.741459", "level": "DEBUG", "logger": "api_testing.ola_maps_api_tester", "message": "✅ Exiting function: api_testing.ola_maps_api_tester.render_endpoint_list_view", "module": "", "function": null, "line": 0, "extra_data": {}}
{"timestamp": "2025-08-29T10:12:51.742608", "level": "DEBUG", "logger": "api_testing.ola_maps_api_tester", "message": "✅ Exiting function: api_testing.ola_maps_api_tester.render_collection_selector", "module": "", "function": null, "line": 0, "extra_data": {}}
{"timestamp": "2025-08-29T10:12:51.743194", "level": "DEBUG", "logger": "api_testing.ola_maps_api_tester", "message": "🚀 Entering function: api_testing.ola_maps_api_tester.render_sidebar_config with params: {'args_count': 1, 'kwargs_keys': [], 'function': 'api_testing.ola_maps_api_tester.render_sidebar_config', 'module': 'api_testing.ola_maps_api_tester'}", "module": "", "function": null, "line": 0, "extra_data": {}}
{"timestamp": "2025-08-29T10:12:51.743635", "level": "DEBUG", "logger": "api_testing.ola_maps_api_tester", "message": "⚙️ Rendering sidebar configuration", "module": "", "function": null, "line": 0, "extra_data": {}}
{"timestamp": "2025-08-29T10:12:51.754062", "level": "DEBUG", "logger": "api_testing.ola_maps_api_tester", "message": "📊 Collection info displayed | filename=Elevation API.postman_collection.json | total_endpoints=4 | categories_count=1", "module": "", "function": null, "line": 0, "extra_data": {"filename": "Elevation API.postman_collection.json", "total_endpoints": 4, "categories_count": 1}}
{"timestamp": "2025-08-29T10:12:51.759485", "level": "DEBUG", "logger": "api_testing.ola_maps_api_tester", "message": "📈 Method statistics | method_counts={'GET': 2, 'POST': 2}", "module": "", "function": null, "line": 0, "extra_data": {"method_counts": {"GET": 2, "POST": 2}}}
{"timestamp": "2025-08-29T10:12:51.760358", "level": "DEBUG", "logger": "api_testing.ola_maps_api_tester", "message": "✅ Exiting function: api_testing.ola_maps_api_tester.render_sidebar_config", "module": "", "function": null, "line": 0, "extra_data": {}}
{"timestamp": "2025-08-29T10:12:51.761012", "level": "DEBUG", "logger": "api_testing.ola_maps_api_tester", "message": "✅ Exiting function: api_testing.ola_maps_api_tester.render", "module": "", "function": null, "line": 0, "extra_data": {}}
{"timestamp": "2025-08-29T10:18:00.720248", "level": "\u001b[32mINFO\u001b[0m", "logger": "utils.logger", "message": "🔧 Enhanced logging system initialized | level=INFO | debug_mode=False | log_to_file=True | log_to_output=True | output_directory=D:\\durgas\\travel_tour\\travel_pipeline\\output", "module": "", "function": null, "line": 0, "extra_data": {"level": "INFO", "debug_mode": false, "log_to_file": true, "log_to_output": true, "output_directory": "D:\\durgas\\travel_tour\\travel_pipeline\\output"}}
{"timestamp": "2025-08-29T10:18:00.725610", "level": "\u001b[32mINFO\u001b[0m", "logger": "__main__", "message": "Starting Places Management System application", "module": "", "function": null, "line": 0, "extra_data": {}}
{"timestamp": "2025-08-29T10:18:00.726681", "level": "DEBUG", "logger": "__main__", "message": "Initializing session state", "module": "", "function": null, "line": 0, "extra_data": {}}
{"timestamp": "2025-08-29T10:18:00.727024", "level": "DEBUG", "logger": "__main__", "message": "Session state initialized successfully", "module": "", "function": null, "line": 0, "extra_data": {}}
{"timestamp": "2025-08-29T10:18:00.736394", "level": "DEBUG", "logger": "utils.database", "message": "Retrieving all places | prefer_excel=True", "module": "", "function": null, "line": 0, "extra_data": {"prefer_excel": true}}
{"timestamp": "2025-08-29T10:18:00.737474", "level": "DEBUG", "logger": "ExcelHandler", "message": "Reading Excel data | file_path=utils\\places.xlsx | use_cache=True", "module": "", "function": null, "line": 0, "extra_data": {"file_path": "utils\\places.xlsx", "use_cache": true}}
{"timestamp": "2025-08-29T10:18:00.737948", "level": "DEBUG", "logger": "ExcelCacheManager", "message": "Cache validity check | is_valid=False | cache_age_seconds=309.189999 | max_age_seconds=300.0", "module": "", "function": null, "line": 0, "extra_data": {"is_valid": false, "cache_age_seconds": 309.189999, "max_age_seconds": 300.0}}
{"timestamp": "2025-08-29T10:18:00.738721", "level": "DEBUG", "logger": "ExcelCacheManager", "message": "Cache invalid or expired, clearing cache", "module": "", "function": null, "line": 0, "extra_data": {}}
{"timestamp": "2025-08-29T10:18:00.743159", "level": "DEBUG", "logger": "ExcelCacheManager", "message": "Cache cleared", "module": "", "function": null, "line": 0, "extra_data": {}}
{"timestamp": "2025-08-29T10:18:00.807359", "level": "DEBUG", "logger": "ExcelCacheManager", "message": "Cache updated | records=61", "module": "", "function": null, "line": 0, "extra_data": {"records": 61}}
{"timestamp": "2025-08-29T10:18:00.808279", "level": "\u001b[32mINFO\u001b[0m", "logger": "ExcelHandler", "message": "Excel data loaded successfully | records=61 | file_size_mb=0.0088043212890625", "module": "", "function": null, "line": 0, "extra_data": {"records": 61, "file_size_mb": 0.0088043212890625}}
{"timestamp": "2025-08-29T10:18:00.809558", "level": "\u001b[32mINFO\u001b[0m", "logger": "utils.excel_handler", "message": "⏱️ Operation 'excel_read_operation' completed in 0.0720s", "module": "logger", "function": "end_timer", "line": 170}
{"timestamp": "2025-08-29T10:18:00.811751", "level": "\u001b[32mINFO\u001b[0m", "logger": "utils.database", "message": "Retrieved places from Excel cache | record_count=61", "module": "", "function": null, "line": 0, "extra_data": {"record_count": 61}}
{"timestamp": "2025-08-29T10:18:00.812743", "level": "\u001b[32mINFO\u001b[0m", "logger": "utils.database", "message": "⏱️ Operation 'get_all_places' completed in 0.0763s", "module": "logger", "function": "end_timer", "line": 170}
{"timestamp": "2025-08-29T10:18:00.822273", "level": "DEBUG", "logger": "utils.database", "message": "Getting Excel statistics", "module": "", "function": null, "line": 0, "extra_data": {}}
{"timestamp": "2025-08-29T10:18:00.823205", "level": "DEBUG", "logger": "ExcelHandler", "message": "Reading Excel data | file_path=utils\\places.xlsx | use_cache=True", "module": "", "function": null, "line": 0, "extra_data": {"file_path": "utils\\places.xlsx", "use_cache": true}}
{"timestamp": "2025-08-29T10:18:00.823487", "level": "DEBUG", "logger": "ExcelCacheManager", "message": "Cache validity check | is_valid=True | cache_age_seconds=0.016115 | max_age_seconds=300.0", "module": "", "function": null, "line": 0, "extra_data": {"is_valid": true, "cache_age_seconds": 0.016115, "max_age_seconds": 300.0}}
{"timestamp": "2025-08-29T10:18:00.823718", "level": "DEBUG", "logger": "ExcelCacheManager", "message": "Returning cached data | records=61", "module": "", "function": null, "line": 0, "extra_data": {"records": 61}}
{"timestamp": "2025-08-29T10:18:00.824503", "level": "\u001b[32mINFO\u001b[0m", "logger": "utils.excel_handler", "message": "⏱️ Operation 'excel_read_operation' completed in 0.0013s", "module": "logger", "function": "end_timer", "line": 170}
{"timestamp": "2025-08-29T10:18:00.827500", "level": "DEBUG", "logger": "ExcelCacheManager", "message": "Cache validity check | is_valid=True | cache_age_seconds=0.020122 | max_age_seconds=300.0", "module": "", "function": null, "line": 0, "extra_data": {"is_valid": true, "cache_age_seconds": 0.020122, "max_age_seconds": 300.0}}
{"timestamp": "2025-08-29T10:18:00.827845", "level": "DEBUG", "logger": "utils.database", "message": "Retrieving all places | prefer_excel=False", "module": "", "function": null, "line": 0, "extra_data": {"prefer_excel": false}}
{"timestamp": "2025-08-29T10:18:00.828866", "level": "DEBUG", "logger": "utils.database", "message": "Executing get_all_places query", "module": "", "function": null, "line": 0, "extra_data": {}}
{"timestamp": "2025-08-29T10:18:01.073658", "level": "\u001b[32mINFO\u001b[0m", "logger": "utils.database", "message": "Successfully retrieved all places from database | record_count=61", "module": "", "function": null, "line": 0, "extra_data": {"record_count": 61}}
{"timestamp": "2025-08-29T10:18:01.085604", "level": "DEBUG", "logger": "ExcelHandler", "message": "Syncing Excel from database | records=61", "module": "", "function": null, "line": 0, "extra_data": {"records": 61}}
{"timestamp": "2025-08-29T10:18:01.085920", "level": "DEBUG", "logger": "ExcelHandler", "message": "Writing Excel data | records=61 | file_path=utils\\places.xlsx", "module": "", "function": null, "line": 0, "extra_data": {"records": 61, "file_path": "utils\\places.xlsx"}}
{"timestamp": "2025-08-29T10:18:01.173907", "level": "DEBUG", "logger": "ExcelCacheManager", "message": "Cache updated | records=61", "module": "", "function": null, "line": 0, "extra_data": {"records": 61}}
{"timestamp": "2025-08-29T10:18:01.174810", "level": "\u001b[32mINFO\u001b[0m", "logger": "ExcelHandler", "message": "Excel data written successfully | records=61 | file_path=utils\\places.xlsx", "module": "", "function": null, "line": 0, "extra_data": {"records": 61, "file_path": "utils\\places.xlsx"}}
{"timestamp": "2025-08-29T10:18:01.175503", "level": "\u001b[32mINFO\u001b[0m", "logger": "utils.excel_handler", "message": "⏱️ Operation 'excel_write_operation' completed in 0.0896s", "module": "logger", "function": "end_timer", "line": 170}
{"timestamp": "2025-08-29T10:18:01.176124", "level": "\u001b[32mINFO\u001b[0m", "logger": "utils.database", "message": "⏱️ Operation 'get_all_places' completed in 0.3483s", "module": "logger", "function": "end_timer", "line": 170}
{"timestamp": "2025-08-29T10:18:01.188864", "level": "DEBUG", "logger": "__main__", "message": "Page selected | page=OLA Maps API Testing", "module": "", "function": null, "line": 0, "extra_data": {"page": "OLA Maps API Testing"}}
{"timestamp": "2025-08-29T10:18:01.189548", "level": "DEBUG", "logger": "__main__", "message": "Rendering API testing page", "module": "", "function": null, "line": 0, "extra_data": {}}
{"timestamp": "2025-08-29T10:18:01.189887", "level": "\u001b[32mINFO\u001b[0m", "logger": "api_testing.ola_maps_api_tester", "message": "🔧 APITestingUI initialized", "module": "", "function": null, "line": 0, "extra_data": {}}
{"timestamp": "2025-08-29T10:18:01.190760", "level": "DEBUG", "logger": "api_testing.ola_maps_api_tester", "message": "🚀 Entering function: api_testing.ola_maps_api_tester.render with params: {'args_count': 1, 'kwargs_keys': [], 'function': 'api_testing.ola_maps_api_tester.render', 'module': 'api_testing.ola_maps_api_tester'}", "module": "", "function": null, "line": 0, "extra_data": {}}
{"timestamp": "2025-08-29T10:18:01.191084", "level": "\u001b[32mINFO\u001b[0m", "logger": "api_testing.ola_maps_api_tester", "message": "🎨 Rendering main API testing interface", "module": "", "function": null, "line": 0, "extra_data": {}}
{"timestamp": "2025-08-29T10:18:01.193657", "level": "DEBUG", "logger": "api_testing.ola_maps_api_tester", "message": "🚀 Entering function: api_testing.ola_maps_api_tester.render_collection_selector with params: {'args_count': 1, 'kwargs_keys': [], 'function': 'api_testing.ola_maps_api_tester.render_collection_selector', 'module': 'api_testing.ola_maps_api_tester'}", "module": "", "function": null, "line": 0, "extra_data": {}}
{"timestamp": "2025-08-29T10:18:01.194165", "level": "DEBUG", "logger": "api_testing.ola_maps_api_tester", "message": "🔍 Rendering collection selector", "module": "", "function": null, "line": 0, "extra_data": {}}
{"timestamp": "2025-08-29T10:18:01.197733", "level": "\u001b[32mINFO\u001b[0m", "logger": "api_testing.ola_maps_api_tester", "message": "📋 Collection selected | selected_collection=Elevation API.postman_collection.json", "module": "", "function": null, "line": 0, "extra_data": {"selected_collection": "Elevation API.postman_collection.json"}}
{"timestamp": "2025-08-29T10:18:01.203485", "level": "DEBUG", "logger": "api_testing.ola_maps_api_tester", "message": "✅ Exiting function: api_testing.ola_maps_api_tester.render_collection_selector", "module": "", "function": null, "line": 0, "extra_data": {}}
{"timestamp": "2025-08-29T10:18:01.203935", "level": "DEBUG", "logger": "api_testing.ola_maps_api_tester", "message": "🚀 Entering function: api_testing.ola_maps_api_tester.render_sidebar_config with params: {'args_count': 1, 'kwargs_keys': [], 'function': 'api_testing.ola_maps_api_tester.render_sidebar_config', 'module': 'api_testing.ola_maps_api_tester'}", "module": "", "function": null, "line": 0, "extra_data": {}}
{"timestamp": "2025-08-29T10:18:01.204784", "level": "DEBUG", "logger": "api_testing.ola_maps_api_tester", "message": "⚙️ Rendering sidebar configuration", "module": "", "function": null, "line": 0, "extra_data": {}}
{"timestamp": "2025-08-29T10:18:01.209675", "level": "DEBUG", "logger": "api_testing.ola_maps_api_tester", "message": "✅ Exiting function: api_testing.ola_maps_api_tester.render_sidebar_config", "module": "", "function": null, "line": 0, "extra_data": {}}
{"timestamp": "2025-08-29T10:18:01.210543", "level": "DEBUG", "logger": "api_testing.ola_maps_api_tester", "message": "✅ Exiting function: api_testing.ola_maps_api_tester.render", "module": "", "function": null, "line": 0, "extra_data": {}}
{"timestamp": "2025-08-29T10:18:03.823153", "level": "\u001b[32mINFO\u001b[0m", "logger": "utils.logger", "message": "🔧 Enhanced logging system initialized | level=INFO | debug_mode=False | log_to_file=True | log_to_output=True | output_directory=D:\\durgas\\travel_tour\\travel_pipeline\\output", "module": "", "function": null, "line": 0, "extra_data": {"level": "INFO", "debug_mode": false, "log_to_file": true, "log_to_output": true, "output_directory": "D:\\durgas\\travel_tour\\travel_pipeline\\output"}}
{"timestamp": "2025-08-29T10:18:03.825653", "level": "\u001b[32mINFO\u001b[0m", "logger": "__main__", "message": "Starting Places Management System application", "module": "", "function": null, "line": 0, "extra_data": {}}
{"timestamp": "2025-08-29T10:18:03.826544", "level": "DEBUG", "logger": "__main__", "message": "Initializing session state", "module": "", "function": null, "line": 0, "extra_data": {}}
{"timestamp": "2025-08-29T10:18:03.827026", "level": "DEBUG", "logger": "__main__", "message": "Session state initialized successfully", "module": "", "function": null, "line": 0, "extra_data": {}}
{"timestamp": "2025-08-29T10:18:03.831884", "level": "DEBUG", "logger": "utils.database", "message": "Retrieving all places | prefer_excel=True", "module": "", "function": null, "line": 0, "extra_data": {"prefer_excel": true}}
{"timestamp": "2025-08-29T10:18:03.832576", "level": "DEBUG", "logger": "ExcelHandler", "message": "Reading Excel data | file_path=utils\\places.xlsx | use_cache=True", "module": "", "function": null, "line": 0, "extra_data": {"file_path": "utils\\places.xlsx", "use_cache": true}}
{"timestamp": "2025-08-29T10:18:03.832982", "level": "DEBUG", "logger": "ExcelCacheManager", "message": "Cache validity check | is_valid=True | cache_age_seconds=2.659068 | max_age_seconds=300.0", "module": "", "function": null, "line": 0, "extra_data": {"is_valid": true, "cache_age_seconds": 2.659068, "max_age_seconds": 300.0}}
{"timestamp": "2025-08-29T10:18:03.833195", "level": "DEBUG", "logger": "ExcelCacheManager", "message": "Returning cached data | records=61", "module": "", "function": null, "line": 0, "extra_data": {"records": 61}}
{"timestamp": "2025-08-29T10:18:03.833938", "level": "\u001b[32mINFO\u001b[0m", "logger": "utils.excel_handler", "message": "⏱️ Operation 'excel_read_operation' completed in 0.0013s", "module": "logger", "function": "end_timer", "line": 170}
{"timestamp": "2025-08-29T10:18:03.834292", "level": "\u001b[32mINFO\u001b[0m", "logger": "utils.database", "message": "Retrieved places from Excel cache | record_count=61", "module": "", "function": null, "line": 0, "extra_data": {"record_count": 61}}
{"timestamp": "2025-08-29T10:18:03.834711", "level": "\u001b[32mINFO\u001b[0m", "logger": "utils.database", "message": "⏱️ Operation 'get_all_places' completed in 0.0028s", "module": "logger", "function": "end_timer", "line": 170}
{"timestamp": "2025-08-29T10:18:03.837678", "level": "DEBUG", "logger": "utils.database", "message": "Getting Excel statistics", "module": "", "function": null, "line": 0, "extra_data": {}}
{"timestamp": "2025-08-29T10:18:03.838433", "level": "DEBUG", "logger": "ExcelHandler", "message": "Reading Excel data | file_path=utils\\places.xlsx | use_cache=True", "module": "", "function": null, "line": 0, "extra_data": {"file_path": "utils\\places.xlsx", "use_cache": true}}
{"timestamp": "2025-08-29T10:18:03.839041", "level": "DEBUG", "logger": "ExcelCacheManager", "message": "Cache validity check | is_valid=True | cache_age_seconds=2.665127 | max_age_seconds=300.0", "module": "", "function": null, "line": 0, "extra_data": {"is_valid": true, "cache_age_seconds": 2.665127, "max_age_seconds": 300.0}}
{"timestamp": "2025-08-29T10:18:03.839746", "level": "DEBUG", "logger": "ExcelCacheManager", "message": "Returning cached data | records=61", "module": "", "function": null, "line": 0, "extra_data": {"records": 61}}
{"timestamp": "2025-08-29T10:18:03.845271", "level": "\u001b[32mINFO\u001b[0m", "logger": "utils.excel_handler", "message": "⏱️ Operation 'excel_read_operation' completed in 0.0068s", "module": "logger", "function": "end_timer", "line": 170}
{"timestamp": "2025-08-29T10:18:03.845795", "level": "DEBUG", "logger": "ExcelCacheManager", "message": "Cache validity check | is_valid=True | cache_age_seconds=2.671881 | max_age_seconds=300.0", "module": "", "function": null, "line": 0, "extra_data": {"is_valid": true, "cache_age_seconds": 2.671881, "max_age_seconds": 300.0}}
{"timestamp": "2025-08-29T10:18:03.846052", "level": "DEBUG", "logger": "utils.database", "message": "Retrieving all places | prefer_excel=False", "module": "", "function": null, "line": 0, "extra_data": {"prefer_excel": false}}
{"timestamp": "2025-08-29T10:18:03.846215", "level": "DEBUG", "logger": "utils.database", "message": "Executing get_all_places query", "module": "", "function": null, "line": 0, "extra_data": {}}
{"timestamp": "2025-08-29T10:18:04.078467", "level": "\u001b[32mINFO\u001b[0m", "logger": "utils.database", "message": "Successfully retrieved all places from database | record_count=61", "module": "", "function": null, "line": 0, "extra_data": {"record_count": 61}}
{"timestamp": "2025-08-29T10:18:04.079096", "level": "DEBUG", "logger": "ExcelHandler", "message": "Syncing Excel from database | records=61", "module": "", "function": null, "line": 0, "extra_data": {"records": 61}}
{"timestamp": "2025-08-29T10:18:04.079461", "level": "DEBUG", "logger": "ExcelHandler", "message": "Writing Excel data | records=61 | file_path=utils\\places.xlsx", "module": "", "function": null, "line": 0, "extra_data": {"records": 61, "file_path": "utils\\places.xlsx"}}
{"timestamp": "2025-08-29T10:18:04.143244", "level": "DEBUG", "logger": "ExcelCacheManager", "message": "Cache updated | records=61", "module": "", "function": null, "line": 0, "extra_data": {"records": 61}}
{"timestamp": "2025-08-29T10:18:04.144020", "level": "\u001b[32mINFO\u001b[0m", "logger": "ExcelHandler", "message": "Excel data written successfully | records=61 | file_path=utils\\places.xlsx", "module": "", "function": null, "line": 0, "extra_data": {"records": 61, "file_path": "utils\\places.xlsx"}}
{"timestamp": "2025-08-29T10:18:04.144803", "level": "\u001b[32mINFO\u001b[0m", "logger": "utils.excel_handler", "message": "⏱️ Operation 'excel_write_operation' completed in 0.0653s", "module": "logger", "function": "end_timer", "line": 170}
{"timestamp": "2025-08-29T10:18:04.145349", "level": "\u001b[32mINFO\u001b[0m", "logger": "utils.database", "message": "⏱️ Operation 'get_all_places' completed in 0.2993s", "module": "logger", "function": "end_timer", "line": 170}
{"timestamp": "2025-08-29T10:18:04.157990", "level": "DEBUG", "logger": "__main__", "message": "Page selected | page=OLA Maps API Testing", "module": "", "function": null, "line": 0, "extra_data": {"page": "OLA Maps API Testing"}}
{"timestamp": "2025-08-29T10:18:04.159719", "level": "DEBUG", "logger": "__main__", "message": "Rendering API testing page", "module": "", "function": null, "line": 0, "extra_data": {}}
{"timestamp": "2025-08-29T10:18:04.160417", "level": "\u001b[32mINFO\u001b[0m", "logger": "api_testing.ola_maps_api_tester", "message": "🔧 APITestingUI initialized", "module": "", "function": null, "line": 0, "extra_data": {}}
{"timestamp": "2025-08-29T10:18:04.161354", "level": "DEBUG", "logger": "api_testing.ola_maps_api_tester", "message": "🚀 Entering function: api_testing.ola_maps_api_tester.render with params: {'args_count': 1, 'kwargs_keys': [], 'function': 'api_testing.ola_maps_api_tester.render', 'module': 'api_testing.ola_maps_api_tester'}", "module": "", "function": null, "line": 0, "extra_data": {}}
{"timestamp": "2025-08-29T10:18:04.161733", "level": "\u001b[32mINFO\u001b[0m", "logger": "api_testing.ola_maps_api_tester", "message": "🎨 Rendering main API testing interface", "module": "", "function": null, "line": 0, "extra_data": {}}
{"timestamp": "2025-08-29T10:18:04.164028", "level": "DEBUG", "logger": "api_testing.ola_maps_api_tester", "message": "🚀 Entering function: api_testing.ola_maps_api_tester.render_collection_selector with params: {'args_count': 1, 'kwargs_keys': [], 'function': 'api_testing.ola_maps_api_tester.render_collection_selector', 'module': 'api_testing.ola_maps_api_tester'}", "module": "", "function": null, "line": 0, "extra_data": {}}
{"timestamp": "2025-08-29T10:18:04.164567", "level": "DEBUG", "logger": "api_testing.ola_maps_api_tester", "message": "🔍 Rendering collection selector", "module": "", "function": null, "line": 0, "extra_data": {}}
{"timestamp": "2025-08-29T10:18:04.166811", "level": "\u001b[32mINFO\u001b[0m", "logger": "api_testing.ola_maps_api_tester", "message": "📋 Collection selected | selected_collection=Elevation API.postman_collection.json", "module": "", "function": null, "line": 0, "extra_data": {"selected_collection": "Elevation API.postman_collection.json"}}
{"timestamp": "2025-08-29T10:18:04.168331", "level": "\u001b[32mINFO\u001b[0m", "logger": "api_testing.ola_maps_api_tester", "message": "🚀 Loading collection | filename=Elevation API.postman_collection.json", "module": "", "function": null, "line": 0, "extra_data": {"filename": "Elevation API.postman_collection.json"}}
{"timestamp": "2025-08-29T10:18:04.172887", "level": "\u001b[32mINFO\u001b[0m", "logger": "api_testing.ola_maps_api_tester", "message": "✅ Collection loaded successfully | filename=Elevation API.postman_collection.json", "module": "", "function": null, "line": 0, "extra_data": {"filename": "Elevation API.postman_collection.json"}}
{"timestamp": "2025-08-29T10:18:04.175426", "level": "\u001b[32mINFO\u001b[0m", "logger": "api_testing.ola_maps_api_tester", "message": "📊 Rendering main content tabs | endpoints_count=4", "module": "", "function": null, "line": 0, "extra_data": {"endpoints_count": 4}}
{"timestamp": "2025-08-29T10:18:04.177516", "level": "DEBUG", "logger": "api_testing.ola_maps_api_tester", "message": "🚀 Entering function: api_testing.ola_maps_api_tester.render_category_view with params: {'args_count': 1, 'kwargs_keys': [], 'function': 'api_testing.ola_maps_api_tester.render_category_view', 'module': 'api_testing.ola_maps_api_tester'}", "module": "", "function": null, "line": 0, "extra_data": {}}
{"timestamp": "2025-08-29T10:18:04.177852", "level": "\u001b[32mINFO\u001b[0m", "logger": "api_testing.ola_maps_api_tester", "message": "📋 Rendering category view", "module": "", "function": null, "line": 0, "extra_data": {}}
{"timestamp": "2025-08-29T10:18:04.184521", "level": "DEBUG", "logger": "api_testing.ola_maps_api_tester", "message": "🏷️ Category selected | category=Elevation", "module": "", "function": null, "line": 0, "extra_data": {"category": "Elevation"}}
{"timestamp": "2025-08-29T10:18:04.185838", "level": "\u001b[32mINFO\u001b[0m", "logger": "api_testing.ola_maps_api_tester", "message": "📋 Displaying category endpoints | category=Elevation | endpoints_count=4", "module": "", "function": null, "line": 0, "extra_data": {"category": "Elevation", "endpoints_count": 4}}
{"timestamp": "2025-08-29T10:18:04.210207", "level": "DEBUG", "logger": "api_testing.ola_maps_api_tester", "message": "✅ Exiting function: api_testing.ola_maps_api_tester.render_category_view", "module": "", "function": null, "line": 0, "extra_data": {}}
{"timestamp": "2025-08-29T10:18:04.210776", "level": "DEBUG", "logger": "api_testing.ola_maps_api_tester", "message": "🚀 Entering function: api_testing.ola_maps_api_tester.render_individual_testing with params: {'args_count': 1, 'kwargs_keys': [], 'function': 'api_testing.ola_maps_api_tester.render_individual_testing', 'module': 'api_testing.ola_maps_api_tester'}", "module": "", "function": null, "line": 0, "extra_data": {}}
{"timestamp": "2025-08-29T10:18:04.211201", "level": "\u001b[32mINFO\u001b[0m", "logger": "api_testing.ola_maps_api_tester", "message": "🔍 Rendering individual testing view", "module": "", "function": null, "line": 0, "extra_data": {}}
{"timestamp": "2025-08-29T10:18:04.212620", "level": "DEBUG", "logger": "api_testing.ola_maps_api_tester", "message": "📋 Created endpoint options | options_count=4", "module": "", "function": null, "line": 0, "extra_data": {"options_count": 4}}
{"timestamp": "2025-08-29T10:18:04.214388", "level": "\u001b[32mINFO\u001b[0m", "logger": "api_testing.ola_maps_api_tester", "message": "🔍 Endpoint selected | endpoint_name=[GET] Single Elevation - GET (Elevation) | actual_name=Single Elevation - GET", "module": "", "function": null, "line": 0, "extra_data": {"endpoint_name": "[GET] Single Elevation - GET (Elevation)", "actual_name": "Single Elevation - GET"}}
{"timestamp": "2025-08-29T10:18:04.215168", "level": "DEBUG", "logger": "api_testing.ola_maps_api_tester", "message": "🚀 Entering function: api_testing.ola_maps_api_tester.display_endpoint_details with params: {'args_count': 2, 'kwargs_keys': [], 'function': 'api_testing.ola_maps_api_tester.display_endpoint_details', 'module': 'api_testing.ola_maps_api_tester'}", "module": "", "function": null, "line": 0, "extra_data": {}}
{"timestamp": "2025-08-29T10:18:04.215631", "level": "DEBUG", "logger": "api_testing.ola_maps_api_tester", "message": "📊 Displaying endpoint details | endpoint_name=Single Elevation - GET | method=GET | category=Elevation", "module": "", "function": null, "line": 0, "extra_data": {"endpoint_name": "Single Elevation - GET", "method": "GET", "category": "Elevation"}}
{"timestamp": "2025-08-29T10:18:04.243180", "level": "DEBUG", "logger": "api_testing.ola_maps_api_tester", "message": "✅ Exiting function: api_testing.ola_maps_api_tester.display_endpoint_details", "module": "", "function": null, "line": 0, "extra_data": {}}
{"timestamp": "2025-08-29T10:18:04.243690", "level": "DEBUG", "logger": "api_testing.ola_maps_api_tester", "message": "🚀 Entering function: api_testing.ola_maps_api_tester.render_endpoint_testing_interface with params: {'args_count': 2, 'kwargs_keys': [], 'function': 'api_testing.ola_maps_api_tester.render_endpoint_testing_interface', 'module': 'api_testing.ola_maps_api_tester'}", "module": "", "function": null, "line": 0, "extra_data": {}}
{"timestamp": "2025-08-29T10:18:04.244164", "level": "DEBUG", "logger": "api_testing.ola_maps_api_tester", "message": "🧪 Rendering endpoint testing interface | endpoint_name=Single Elevation - GET", "module": "", "function": null, "line": 0, "extra_data": {"endpoint_name": "Single Elevation - GET"}}
{"timestamp": "2025-08-29T10:18:04.247012", "level": "DEBUG", "logger": "api_testing.ola_maps_api_tester", "message": "🔧 Query parameter input | key=location | value=12.93127,77.61649", "module": "", "function": null, "line": 0, "extra_data": {"key": "location", "value": "12.93127,77.61649"}}
{"timestamp": "2025-08-29T10:18:04.256607", "level": "DEBUG", "logger": "api_testing.ola_maps_api_tester", "message": "✅ Exiting function: api_testing.ola_maps_api_tester.render_endpoint_testing_interface", "module": "", "function": null, "line": 0, "extra_data": {}}
{"timestamp": "2025-08-29T10:18:04.257118", "level": "DEBUG", "logger": "api_testing.ola_maps_api_tester", "message": "✅ Exiting function: api_testing.ola_maps_api_tester.render_individual_testing", "module": "", "function": null, "line": 0, "extra_data": {}}
{"timestamp": "2025-08-29T10:18:04.257628", "level": "DEBUG", "logger": "api_testing.ola_maps_api_tester", "message": "🚀 Entering function: api_testing.ola_maps_api_tester.render_endpoint_list_view with params: {'args_count': 1, 'kwargs_keys': [], 'function': 'api_testing.ola_maps_api_tester.render_endpoint_list_view', 'module': 'api_testing.ola_maps_api_tester'}", "module": "", "function": null, "line": 0, "extra_data": {}}
{"timestamp": "2025-08-29T10:18:04.258738", "level": "\u001b[32mINFO\u001b[0m", "logger": "api_testing.ola_maps_api_tester", "message": "📋 Rendering endpoint list view", "module": "", "function": null, "line": 0, "extra_data": {}}
{"timestamp": "2025-08-29T10:18:04.264626", "level": "DEBUG", "logger": "api_testing.ola_maps_api_tester", "message": "📊 Total endpoints for list view | total_count=4", "module": "", "function": null, "line": 0, "extra_data": {"total_count": 4}}
{"timestamp": "2025-08-29T10:18:04.280825", "level": "DEBUG", "logger": "api_testing.ola_maps_api_tester", "message": "🔍 Filters applied | original_count=4 | filtered_count=4 | category_filter=All Categories | method_filter=All Methods | search_term=", "module": "", "function": null, "line": 0, "extra_data": {"original_count": 4, "filtered_count": 4, "category_filter": "All Categories", "method_filter": "All Methods", "search_term": ""}}
{"timestamp": "2025-08-29T10:18:04.283062", "level": "\u001b[32mINFO\u001b[0m", "logger": "api_testing.ola_maps_api_tester", "message": "🔍 Endpoint selected from list | endpoint_name=[GET] Single Elevation - GET (Elevation) | actual_name=Single Elevation - GET", "module": "", "function": null, "line": 0, "extra_data": {"endpoint_name": "[GET] Single Elevation - GET (Elevation)", "actual_name": "Single Elevation - GET"}}
{"timestamp": "2025-08-29T10:18:04.284175", "level": "DEBUG", "logger": "api_testing.ola_maps_api_tester", "message": "🚀 Entering function: api_testing.ola_maps_api_tester.display_endpoint_details with params: {'args_count': 2, 'kwargs_keys': [], 'function': 'api_testing.ola_maps_api_tester.display_endpoint_details', 'module': 'api_testing.ola_maps_api_tester'}", "module": "", "function": null, "line": 0, "extra_data": {}}
{"timestamp": "2025-08-29T10:18:04.284881", "level": "DEBUG", "logger": "api_testing.ola_maps_api_tester", "message": "📊 Displaying endpoint details | endpoint_name=Single Elevation - GET | method=GET | category=Elevation", "module": "", "function": null, "line": 0, "extra_data": {"endpoint_name": "Single Elevation - GET", "method": "GET", "category": "Elevation"}}
{"timestamp": "2025-08-29T10:18:04.303232", "level": "DEBUG", "logger": "api_testing.ola_maps_api_tester", "message": "✅ Exiting function: api_testing.ola_maps_api_tester.display_endpoint_details", "module": "", "function": null, "line": 0, "extra_data": {}}
{"timestamp": "2025-08-29T10:18:04.334388", "level": "DEBUG", "logger": "api_testing.ola_maps_api_tester", "message": "✅ Exiting function: api_testing.ola_maps_api_tester.render_endpoint_list_view", "module": "", "function": null, "line": 0, "extra_data": {}}
{"timestamp": "2025-08-29T10:18:04.335328", "level": "DEBUG", "logger": "api_testing.ola_maps_api_tester", "message": "✅ Exiting function: api_testing.ola_maps_api_tester.render_collection_selector", "module": "", "function": null, "line": 0, "extra_data": {}}
{"timestamp": "2025-08-29T10:18:04.335841", "level": "DEBUG", "logger": "api_testing.ola_maps_api_tester", "message": "🚀 Entering function: api_testing.ola_maps_api_tester.render_sidebar_config with params: {'args_count': 1, 'kwargs_keys': [], 'function': 'api_testing.ola_maps_api_tester.render_sidebar_config', 'module': 'api_testing.ola_maps_api_tester'}", "module": "", "function": null, "line": 0, "extra_data": {}}
{"timestamp": "2025-08-29T10:18:04.336285", "level": "DEBUG", "logger": "api_testing.ola_maps_api_tester", "message": "⚙️ Rendering sidebar configuration", "module": "", "function": null, "line": 0, "extra_data": {}}
{"timestamp": "2025-08-29T10:18:04.342651", "level": "DEBUG", "logger": "api_testing.ola_maps_api_tester", "message": "📊 Collection info displayed | filename=Elevation API.postman_collection.json | total_endpoints=4 | categories_count=1", "module": "", "function": null, "line": 0, "extra_data": {"filename": "Elevation API.postman_collection.json", "total_endpoints": 4, "categories_count": 1}}
{"timestamp": "2025-08-29T10:18:04.345171", "level": "DEBUG", "logger": "api_testing.ola_maps_api_tester", "message": "📈 Method statistics | method_counts={'GET': 2, 'POST': 2}", "module": "", "function": null, "line": 0, "extra_data": {"method_counts": {"GET": 2, "POST": 2}}}
{"timestamp": "2025-08-29T10:18:04.345616", "level": "DEBUG", "logger": "api_testing.ola_maps_api_tester", "message": "✅ Exiting function: api_testing.ola_maps_api_tester.render_sidebar_config", "module": "", "function": null, "line": 0, "extra_data": {}}
{"timestamp": "2025-08-29T10:18:04.346042", "level": "DEBUG", "logger": "api_testing.ola_maps_api_tester", "message": "✅ Exiting function: api_testing.ola_maps_api_tester.render", "module": "", "function": null, "line": 0, "extra_data": {}}
